#
# There is insufficient memory for the Java Runtime Environment to continue.
# Native memory allocation (malloc) failed to allocate 1833616 bytes for Chunk::new
# Possible reasons:
#   The system is out of physical RAM or swap space
#   The process is running with CompressedOops enabled, and the Java Heap may be blocking the growth of the native heap
# Possible solutions:
#   Reduce memory load on the system
#   Increase physical memory or swap space
#   Check if swap backing store is full
#   Decrease Java heap size (-Xmx/-Xms)
#   Decrease number of Java threads
#   Decrease Java thread stack sizes (-Xss)
#   Set larger code cache with -XX:ReservedCodeCacheSize=
#   JVM is running with Zero Based Compressed Oops mode in which the Java heap is
#     placed in the first 32GB address space. The Java Heap base address is the
#     maximum limit for the native heap growth. Please use -XX:HeapBaseMinAddress
#     to set the Java Heap base and to place the Java Heap above 32GB virtual address.
# This output file may be truncated or incomplete.
#
#  Out of Memory Error (src/hotspot/share/memory/arena.cpp:197), pid=35704, tid=44472
#
# JRE version: OpenJDK Runtime Environment (11.0.15) (build 11.0.15+0-b2043.56-9505619)
# Java VM: OpenJDK 64-Bit Server VM (11.0.15+0-b2043.56-9505619, mixed mode, tiered, compressed oops, g1 gc, windows-amd64)
# No core dump will be written. Minidumps are not enabled by default on client versions of Windows
#

---------------  S U M M A R Y ------------

Command Line: org.jetbrains.kotlin.cli.jvm.K2JVMCompiler @C:\Users\jekav\AndroidStudioProjects\Courutin_test_fire\app\build\20230501_12301829696995802628.compiler.options

Host: Intel(R) Core(TM) i5-8300H CPU @ 2.30GHz, 8 cores, 15G,  Windows 11 , 64 bit Build 22000 (10.0.22000.1335)
Time: Mon May  1 12:28:45 2023 RTZ 2 (s 11 , 64 bit Build 22000 (10.0.22000.1335) elapsed time: 9.504769 seconds (0d 0h 0m 9s)

---------------  T H R E A D  ---------------

Current thread (0x000001a930c29800):  JavaThread "C2 CompilerThread2" daemon [_thread_in_native, id=44472, stack(0x00000003fde00000,0x00000003fdf00000)]


Current CompileTask:
C2:   9504 9408       4       org.jetbrains.kotlin.cli.jvm.index.JvmDependenciesIndexImpl::search (379 bytes)

Stack: [0x00000003fde00000,0x00000003fdf00000]
Native frames: (J=compiled Java code, j=interpreted, Vv=VM code, C=native code)
V  [jvm.dll+0x64135a]
V  [jvm.dll+0x7d39f9]
V  [jvm.dll+0x7d51b9]
V  [jvm.dll+0x7d58a3]
V  [jvm.dll+0x2691c5]
V  [jvm.dll+0xc1a5c]
V  [jvm.dll+0xc200c]
V  [jvm.dll+0x3774a7]
V  [jvm.dll+0x342495]
V  [jvm.dll+0x34186a]
V  [jvm.dll+0x2214bd]
V  [jvm.dll+0x220498]
V  [jvm.dll+0x19e851]
V  [jvm.dll+0x230479]
V  [jvm.dll+0x22e5ef]
V  [jvm.dll+0x794de1]
V  [jvm.dll+0x78dc24]
V  [jvm.dll+0x6400f6]
C  [ucrtbase.dll+0x26c0c]
C  [KERNEL32.DLL+0x155a0]
C  [ntdll.dll+0x485b]


---------------  P R O C E S S  ---------------

Threads class SMR info:
_java_thread_list=0x000001a930ac9bf0, length=12, elements={
0x000001a90a28a000, 0x000001a92bad0000, 0x000001a92bad1000, 0x000001a92bb34800,
0x000001a92bb35800, 0x000001a92bb39000, 0x000001a92bb3a800, 0x000001a92bb46000,
0x000001a92bb53800, 0x000001a92bccc000, 0x000001a92bd4e000, 0x000001a930c29800
}

Java Threads: ( => current thread )
  0x000001a90a28a000 JavaThread "main" [_thread_in_Java, id=448, stack(0x00000003fcc00000,0x00000003fcd00000)]
  0x000001a92bad0000 JavaThread "Reference Handler" daemon [_thread_blocked, id=3332, stack(0x00000003fd300000,0x00000003fd400000)]
  0x000001a92bad1000 JavaThread "Finalizer" daemon [_thread_blocked, id=45240, stack(0x00000003fd400000,0x00000003fd500000)]
  0x000001a92bb34800 JavaThread "Signal Dispatcher" daemon [_thread_blocked, id=41844, stack(0x00000003fd500000,0x00000003fd600000)]
  0x000001a92bb35800 JavaThread "Attach Listener" daemon [_thread_blocked, id=44008, stack(0x00000003fd600000,0x00000003fd700000)]
  0x000001a92bb39000 JavaThread "Service Thread" daemon [_thread_blocked, id=41328, stack(0x00000003fd700000,0x00000003fd800000)]
  0x000001a92bb3a800 JavaThread "C2 CompilerThread0" daemon [_thread_in_native, id=25980, stack(0x00000003fd800000,0x00000003fd900000)]
  0x000001a92bb46000 JavaThread "C1 CompilerThread0" daemon [_thread_blocked, id=19396, stack(0x00000003fd900000,0x00000003fda00000)]
  0x000001a92bb53800 JavaThread "Sweeper thread" daemon [_thread_blocked, id=45908, stack(0x00000003fda00000,0x00000003fdb00000)]
  0x000001a92bccc000 JavaThread "Common-Cleaner" daemon [_thread_blocked, id=4308, stack(0x00000003fdc00000,0x00000003fdd00000)]
  0x000001a92bd4e000 JavaThread "C2 CompilerThread1" daemon [_thread_in_native, id=1460, stack(0x00000003fdd00000,0x00000003fde00000)]
=>0x000001a930c29800 JavaThread "C2 CompilerThread2" daemon [_thread_in_native, id=44472, stack(0x00000003fde00000,0x00000003fdf00000)]

Other Threads:
  0x000001a92baca000 VMThread "VM Thread" [stack: 0x00000003fd200000,0x00000003fd300000] [id=39236]
  0x000001a92bcc1800 WatcherThread [stack: 0x00000003fdb00000,0x00000003fdc00000] [id=4452]
  0x000001a90a2a3800 GCTaskThread "GC Thread#0" [stack: 0x00000003fcd00000,0x00000003fce00000] [id=34088]
  0x000001a92c336800 GCTaskThread "GC Thread#1" [stack: 0x00000003fdf00000,0x00000003fe000000] [id=44252]
  0x000001a92c337800 GCTaskThread "GC Thread#2" [stack: 0x00000003fe000000,0x00000003fe100000] [id=42296]
  0x000001a92c326000 GCTaskThread "GC Thread#3" [stack: 0x00000003fe100000,0x00000003fe200000] [id=12432]
  0x000001a92c327000 GCTaskThread "GC Thread#4" [stack: 0x00000003fe200000,0x00000003fe300000] [id=43224]
  0x000001a92c480000 GCTaskThread "GC Thread#5" [stack: 0x00000003fe300000,0x00000003fe400000] [id=12744]
  0x000001a930c2a800 GCTaskThread "GC Thread#6" [stack: 0x00000003fe800000,0x00000003fe900000] [id=6356]
  0x000001a90a300800 ConcurrentGCThread "G1 Main Marker" [stack: 0x00000003fce00000,0x00000003fcf00000] [id=26608]
  0x000001a90a302800 ConcurrentGCThread "G1 Conc#0" [stack: 0x00000003fcf00000,0x00000003fd000000] [id=35784]
  0x000001a92c5b5800 ConcurrentGCThread "G1 Conc#1" [stack: 0x00000003fe400000,0x00000003fe500000] [id=20640]
  0x000001a92b10e000 ConcurrentGCThread "G1 Refine#0" [stack: 0x00000003fd000000,0x00000003fd100000] [id=34028]
  0x000001a92c641000 ConcurrentGCThread "G1 Refine#1" [stack: 0x00000003fe500000,0x00000003fe600000] [id=24640]
  0x000001a92d17e000 ConcurrentGCThread "G1 Refine#2" [stack: 0x00000003fe600000,0x00000003fe700000] [id=32976]
  0x000001a92d0a0000 ConcurrentGCThread "G1 Refine#3" [stack: 0x00000003fe700000,0x00000003fe800000] [id=44148]
  0x000001a930b1f000 ConcurrentGCThread "G1 Refine#4" [stack: 0x00000003fe900000,0x00000003fea00000] [id=46668]
  0x000001a92b111000 ConcurrentGCThread "G1 Young RemSet Sampling" [stack: 0x00000003fd100000,0x00000003fd200000] [id=26540]

Threads with active compile tasks:
C2 CompilerThread0     9553 9380       4       org.jetbrains.kotlin.load.java.structure.impl.classFiles.BinaryJavaMethodBase$Companion::create (572 bytes)
C2 CompilerThread1     9553 9617       4       org.jetbrains.kotlin.types.TypeUtils::contains (301 bytes)
C2 CompilerThread2     9553 9408       4       org.jetbrains.kotlin.cli.jvm.index.JvmDependenciesIndexImpl::search (379 bytes)

VM state:not at safepoint (normal execution)

VM Mutex/Monitor currently owned by a thread: None

Heap address: 0x0000000702600000, size: 4058 MB, Compressed Oops mode: Zero based, Oop shift amount: 3
Narrow klass base: 0x0000000800000000, Narrow klass shift: 0
Compressed class space size: 1073741824 Address: 0x0000000800000000

Heap:
 garbage-first heap   total 312320K, used 143696K [0x0000000702600000, 0x0000000800000000)
  region size 1024K, 93 young (95232K), 8 survivors (8192K)
 Metaspace       used 67581K, capacity 68420K, committed 68608K, reserved 1110016K
  class space    used 7504K, capacity 7853K, committed 7936K, reserved 1048576K
Heap Regions: E=young(eden), S=young(survivor), O=old, HS=humongous(starts), HC=humongous(continues), CS=collection set, F=free, A=archive, TAMS=top-at-mark-start (previous, next)
|   0|0x0000000702600000, 0x0000000702700000, 0x0000000702700000|100%|HS|  |TAMS 0x0000000702700000, 0x0000000702600000| Complete 
|   1|0x0000000702700000, 0x0000000702800000, 0x0000000702800000|100%|HC|  |TAMS 0x0000000702800000, 0x0000000702700000| Complete 
|   2|0x0000000702800000, 0x0000000702900000, 0x0000000702900000|100%|HC|  |TAMS 0x0000000702900000, 0x0000000702800000| Complete 
|   3|0x0000000702900000, 0x0000000702a00000, 0x0000000702a00000|100%|HC|  |TAMS 0x0000000702a00000, 0x0000000702900000| Complete 
|   4|0x0000000702a00000, 0x0000000702b00000, 0x0000000702b00000|100%|HS|  |TAMS 0x0000000702b00000, 0x0000000702a00000| Complete 
|   5|0x0000000702b00000, 0x0000000702c00000, 0x0000000702c00000|100%|HC|  |TAMS 0x0000000702c00000, 0x0000000702b00000| Complete 
|   6|0x0000000702c00000, 0x0000000702d00000, 0x0000000702d00000|100%|HC|  |TAMS 0x0000000702d00000, 0x0000000702c00000| Complete 
|   7|0x0000000702d00000, 0x0000000702e00000, 0x0000000702e00000|100%|HC|  |TAMS 0x0000000702e00000, 0x0000000702d00000| Complete 
|   8|0x0000000702e00000, 0x0000000702f00000, 0x0000000702f00000|100%| O|  |TAMS 0x0000000702f00000, 0x0000000702e00000| Untracked 
|   9|0x0000000702f00000, 0x0000000703000000, 0x0000000703000000|100%| O|  |TAMS 0x0000000703000000, 0x0000000702f00000| Untracked 
|  10|0x0000000703000000, 0x0000000703100000, 0x0000000703100000|100%| O|  |TAMS 0x0000000703100000, 0x0000000703000000| Untracked 
|  11|0x0000000703100000, 0x0000000703200000, 0x0000000703200000|100%| O|  |TAMS 0x0000000703200000, 0x0000000703100000| Untracked 
|  12|0x0000000703200000, 0x0000000703300000, 0x0000000703300000|100%| O|  |TAMS 0x0000000703300000, 0x0000000703200000| Untracked 
|  13|0x0000000703300000, 0x0000000703400000, 0x0000000703400000|100%| O|  |TAMS 0x0000000703400000, 0x0000000703300000| Untracked 
|  14|0x0000000703400000, 0x0000000703500000, 0x0000000703500000|100%| O|  |TAMS 0x0000000703500000, 0x0000000703400000| Untracked 
|  15|0x0000000703500000, 0x0000000703600000, 0x0000000703600000|100%| O|  |TAMS 0x0000000703600000, 0x0000000703500000| Untracked 
|  16|0x0000000703600000, 0x0000000703700000, 0x0000000703700000|100%| O|  |TAMS 0x0000000703700000, 0x0000000703600000| Untracked 
|  17|0x0000000703700000, 0x0000000703800000, 0x0000000703800000|100%| O|  |TAMS 0x0000000703800000, 0x0000000703700000| Untracked 
|  18|0x0000000703800000, 0x0000000703900000, 0x0000000703900000|100%| O|  |TAMS 0x0000000703900000, 0x0000000703800000| Untracked 
|  19|0x0000000703900000, 0x0000000703a00000, 0x0000000703a00000|100%| O|  |TAMS 0x0000000703a00000, 0x0000000703900000| Untracked 
|  20|0x0000000703a00000, 0x0000000703b00000, 0x0000000703b00000|100%| O|  |TAMS 0x0000000703b00000, 0x0000000703a00000| Untracked 
|  21|0x0000000703b00000, 0x0000000703c00000, 0x0000000703c00000|100%| O|  |TAMS 0x0000000703c00000, 0x0000000703b00000| Untracked 
|  22|0x0000000703c00000, 0x0000000703d00000, 0x0000000703d00000|100%| O|  |TAMS 0x0000000703d00000, 0x0000000703c00000| Untracked 
|  23|0x0000000703d00000, 0x0000000703e00000, 0x0000000703e00000|100%| O|  |TAMS 0x0000000703e00000, 0x0000000703d00000| Untracked 
|  24|0x0000000703e00000, 0x0000000703f00000, 0x0000000703f00000|100%| O|  |TAMS 0x0000000703f00000, 0x0000000703e00000| Untracked 
|  25|0x0000000703f00000, 0x0000000704000000, 0x0000000704000000|100%| O|  |TAMS 0x0000000704000000, 0x0000000703f00000| Untracked 
|  26|0x0000000704000000, 0x0000000704100000, 0x0000000704100000|100%| O|  |TAMS 0x0000000704100000, 0x0000000704000000| Untracked 
|  27|0x0000000704100000, 0x0000000704200000, 0x0000000704200000|100%| O|  |TAMS 0x0000000704200000, 0x0000000704100000| Untracked 
|  28|0x0000000704200000, 0x0000000704300000, 0x0000000704300000|100%|HS|  |TAMS 0x0000000704300000, 0x0000000704200000| Complete 
|  29|0x0000000704300000, 0x0000000704400000, 0x0000000704400000|100%|HC|  |TAMS 0x0000000704400000, 0x0000000704300000| Complete 
|  30|0x0000000704400000, 0x0000000704500000, 0x0000000704500000|100%| O|  |TAMS 0x0000000704500000, 0x0000000704400000| Untracked 
|  31|0x0000000704500000, 0x0000000704600000, 0x0000000704600000|100%| O|  |TAMS 0x0000000704600000, 0x0000000704500000| Untracked 
|  32|0x0000000704600000, 0x0000000704700000, 0x0000000704700000|100%| O|  |TAMS 0x0000000704700000, 0x0000000704600000| Untracked 
|  33|0x0000000704700000, 0x0000000704800000, 0x0000000704800000|100%| O|  |TAMS 0x0000000704800000, 0x0000000704700000| Untracked 
|  34|0x0000000704800000, 0x0000000704900000, 0x0000000704900000|100%| O|  |TAMS 0x0000000704900000, 0x0000000704800000| Untracked 
|  35|0x0000000704900000, 0x0000000704a00000, 0x0000000704a00000|100%| O|  |TAMS 0x0000000704a00000, 0x0000000704900000| Untracked 
|  36|0x0000000704a00000, 0x0000000704b00000, 0x0000000704b00000|100%| O|  |TAMS 0x0000000704b00000, 0x0000000704a00000| Untracked 
|  37|0x0000000704b00000, 0x0000000704c00000, 0x0000000704c00000|100%| O|  |TAMS 0x0000000704c00000, 0x0000000704b00000| Untracked 
|  38|0x0000000704c00000, 0x0000000704d00000, 0x0000000704d00000|100%| O|  |TAMS 0x0000000704d00000, 0x0000000704c00000| Untracked 
|  39|0x0000000704d00000, 0x0000000704e00000, 0x0000000704e00000|100%| O|  |TAMS 0x0000000704e00000, 0x0000000704d00000| Untracked 
|  40|0x0000000704e00000, 0x0000000704f00000, 0x0000000704f00000|100%| O|  |TAMS 0x0000000704f00000, 0x0000000704e00000| Untracked 
|  41|0x0000000704f00000, 0x0000000705000000, 0x0000000705000000|100%| O|  |TAMS 0x0000000705000000, 0x0000000704f00000| Untracked 
|  42|0x0000000705000000, 0x0000000705100000, 0x0000000705100000|100%| O|  |TAMS 0x0000000705100000, 0x0000000705000000| Untracked 
|  43|0x0000000705100000, 0x0000000705200000, 0x0000000705200000|100%| O|  |TAMS 0x0000000705200000, 0x0000000705100000| Untracked 
|  44|0x0000000705200000, 0x0000000705300000, 0x0000000705300000|100%| O|  |TAMS 0x0000000705300000, 0x0000000705200000| Untracked 
|  45|0x0000000705300000, 0x0000000705400000, 0x0000000705400000|100%| O|  |TAMS 0x0000000705400000, 0x0000000705300000| Untracked 
|  46|0x0000000705400000, 0x0000000705500000, 0x0000000705500000|100%| O|  |TAMS 0x0000000705500000, 0x0000000705400000| Untracked 
|  47|0x0000000705500000, 0x0000000705600000, 0x0000000705600000|100%| O|  |TAMS 0x0000000705600000, 0x0000000705500000| Untracked 
|  48|0x0000000705600000, 0x000000070566ac00, 0x0000000705700000| 41%| O|  |TAMS 0x000000070566ac00, 0x0000000705600000| Untracked 
|  49|0x0000000705700000, 0x0000000705700000, 0x0000000705800000|  0%| F|  |TAMS 0x0000000705700000, 0x0000000705700000| Untracked 
|  50|0x0000000705800000, 0x0000000705800000, 0x0000000705900000|  0%| F|  |TAMS 0x0000000705800000, 0x0000000705800000| Untracked 
|  51|0x0000000705900000, 0x0000000705900000, 0x0000000705a00000|  0%| F|  |TAMS 0x0000000705900000, 0x0000000705900000| Untracked 
|  52|0x0000000705a00000, 0x0000000705a00000, 0x0000000705b00000|  0%| F|  |TAMS 0x0000000705a00000, 0x0000000705a00000| Untracked 
|  53|0x0000000705b00000, 0x0000000705b00000, 0x0000000705c00000|  0%| F|  |TAMS 0x0000000705b00000, 0x0000000705b00000| Untracked 
|  54|0x0000000705c00000, 0x0000000705c00000, 0x0000000705d00000|  0%| F|  |TAMS 0x0000000705c00000, 0x0000000705c00000| Untracked 
|  55|0x0000000705d00000, 0x0000000705d00000, 0x0000000705e00000|  0%| F|  |TAMS 0x0000000705d00000, 0x0000000705d00000| Untracked 
|  56|0x0000000705e00000, 0x0000000705e00000, 0x0000000705f00000|  0%| F|  |TAMS 0x0000000705e00000, 0x0000000705e00000| Untracked 
|  57|0x0000000705f00000, 0x0000000705f00000, 0x0000000706000000|  0%| F|  |TAMS 0x0000000705f00000, 0x0000000705f00000| Untracked 
|  58|0x0000000706000000, 0x0000000706000000, 0x0000000706100000|  0%| F|  |TAMS 0x0000000706000000, 0x0000000706000000| Untracked 
|  59|0x0000000706100000, 0x0000000706100000, 0x0000000706200000|  0%| F|  |TAMS 0x0000000706100000, 0x0000000706100000| Untracked 
|  60|0x0000000706200000, 0x0000000706200000, 0x0000000706300000|  0%| F|  |TAMS 0x0000000706200000, 0x0000000706200000| Untracked 
|  61|0x0000000706300000, 0x0000000706300000, 0x0000000706400000|  0%| F|  |TAMS 0x0000000706300000, 0x0000000706300000| Untracked 
|  62|0x0000000706400000, 0x0000000706400000, 0x0000000706500000|  0%| F|  |TAMS 0x0000000706400000, 0x0000000706400000| Untracked 
|  63|0x0000000706500000, 0x0000000706500000, 0x0000000706600000|  0%| F|  |TAMS 0x0000000706500000, 0x0000000706500000| Untracked 
|  64|0x0000000706600000, 0x0000000706600000, 0x0000000706700000|  0%| F|  |TAMS 0x0000000706600000, 0x0000000706600000| Untracked 
|  65|0x0000000706700000, 0x0000000706700000, 0x0000000706800000|  0%| F|  |TAMS 0x0000000706700000, 0x0000000706700000| Untracked 
|  66|0x0000000706800000, 0x0000000706800000, 0x0000000706900000|  0%| F|  |TAMS 0x0000000706800000, 0x0000000706800000| Untracked 
|  67|0x0000000706900000, 0x0000000706900000, 0x0000000706a00000|  0%| F|  |TAMS 0x0000000706900000, 0x0000000706900000| Untracked 
|  68|0x0000000706a00000, 0x0000000706a00000, 0x0000000706b00000|  0%| F|  |TAMS 0x0000000706a00000, 0x0000000706a00000| Untracked 
|  69|0x0000000706b00000, 0x0000000706b00000, 0x0000000706c00000|  0%| F|  |TAMS 0x0000000706b00000, 0x0000000706b00000| Untracked 
|  70|0x0000000706c00000, 0x0000000706c00000, 0x0000000706d00000|  0%| F|  |TAMS 0x0000000706c00000, 0x0000000706c00000| Untracked 
|  71|0x0000000706d00000, 0x0000000706d00000, 0x0000000706e00000|  0%| F|  |TAMS 0x0000000706d00000, 0x0000000706d00000| Untracked 
|  72|0x0000000706e00000, 0x0000000706e00000, 0x0000000706f00000|  0%| F|  |TAMS 0x0000000706e00000, 0x0000000706e00000| Untracked 
|  73|0x0000000706f00000, 0x0000000706f00000, 0x0000000707000000|  0%| F|  |TAMS 0x0000000706f00000, 0x0000000706f00000| Untracked 
|  74|0x0000000707000000, 0x0000000707000000, 0x0000000707100000|  0%| F|  |TAMS 0x0000000707000000, 0x0000000707000000| Untracked 
|  75|0x0000000707100000, 0x0000000707100000, 0x0000000707200000|  0%| F|  |TAMS 0x0000000707100000, 0x0000000707100000| Untracked 
|  76|0x0000000707200000, 0x0000000707200000, 0x0000000707300000|  0%| F|  |TAMS 0x0000000707200000, 0x0000000707200000| Untracked 
|  77|0x0000000707300000, 0x0000000707300000, 0x0000000707400000|  0%| F|  |TAMS 0x0000000707300000, 0x0000000707300000| Untracked 
|  78|0x0000000707400000, 0x0000000707400000, 0x0000000707500000|  0%| F|  |TAMS 0x0000000707400000, 0x0000000707400000| Untracked 
|  79|0x0000000707500000, 0x0000000707500000, 0x0000000707600000|  0%| F|  |TAMS 0x0000000707500000, 0x0000000707500000| Untracked 
|  80|0x0000000707600000, 0x0000000707600000, 0x0000000707700000|  0%| F|  |TAMS 0x0000000707600000, 0x0000000707600000| Untracked 
|  81|0x0000000707700000, 0x0000000707700000, 0x0000000707800000|  0%| F|  |TAMS 0x0000000707700000, 0x0000000707700000| Untracked 
|  82|0x0000000707800000, 0x0000000707800000, 0x0000000707900000|  0%| F|  |TAMS 0x0000000707800000, 0x0000000707800000| Untracked 
|  83|0x0000000707900000, 0x0000000707900000, 0x0000000707a00000|  0%| F|  |TAMS 0x0000000707900000, 0x0000000707900000| Untracked 
|  84|0x0000000707a00000, 0x0000000707a00000, 0x0000000707b00000|  0%| F|  |TAMS 0x0000000707a00000, 0x0000000707a00000| Untracked 
|  85|0x0000000707b00000, 0x0000000707b00000, 0x0000000707c00000|  0%| F|  |TAMS 0x0000000707b00000, 0x0000000707b00000| Untracked 
|  86|0x0000000707c00000, 0x0000000707c00000, 0x0000000707d00000|  0%| F|  |TAMS 0x0000000707c00000, 0x0000000707c00000| Untracked 
|  87|0x0000000707d00000, 0x0000000707d00000, 0x0000000707e00000|  0%| F|  |TAMS 0x0000000707d00000, 0x0000000707d00000| Untracked 
|  88|0x0000000707e00000, 0x0000000707e00000, 0x0000000707f00000|  0%| F|  |TAMS 0x0000000707e00000, 0x0000000707e00000| Untracked 
|  89|0x0000000707f00000, 0x0000000707f00000, 0x0000000708000000|  0%| F|  |TAMS 0x0000000707f00000, 0x0000000707f00000| Untracked 
|  90|0x0000000708000000, 0x0000000708000000, 0x0000000708100000|  0%| F|  |TAMS 0x0000000708000000, 0x0000000708000000| Untracked 
|  91|0x0000000708100000, 0x0000000708100000, 0x0000000708200000|  0%| F|  |TAMS 0x0000000708100000, 0x0000000708100000| Untracked 
|  92|0x0000000708200000, 0x0000000708200000, 0x0000000708300000|  0%| F|  |TAMS 0x0000000708200000, 0x0000000708200000| Untracked 
|  93|0x0000000708300000, 0x0000000708300000, 0x0000000708400000|  0%| F|  |TAMS 0x0000000708300000, 0x0000000708300000| Untracked 
|  94|0x0000000708400000, 0x0000000708400000, 0x0000000708500000|  0%| F|  |TAMS 0x0000000708400000, 0x0000000708400000| Untracked 
|  95|0x0000000708500000, 0x0000000708500000, 0x0000000708600000|  0%| F|  |TAMS 0x0000000708500000, 0x0000000708500000| Untracked 
|  96|0x0000000708600000, 0x0000000708600000, 0x0000000708700000|  0%| F|  |TAMS 0x0000000708600000, 0x0000000708600000| Untracked 
|  97|0x0000000708700000, 0x0000000708700000, 0x0000000708800000|  0%| F|  |TAMS 0x0000000708700000, 0x0000000708700000| Untracked 
|  98|0x0000000708800000, 0x0000000708800000, 0x0000000708900000|  0%| F|  |TAMS 0x0000000708800000, 0x0000000708800000| Untracked 
|  99|0x0000000708900000, 0x0000000708900000, 0x0000000708a00000|  0%| F|  |TAMS 0x0000000708900000, 0x0000000708900000| Untracked 
| 100|0x0000000708a00000, 0x0000000708a00000, 0x0000000708b00000|  0%| F|  |TAMS 0x0000000708a00000, 0x0000000708a00000| Untracked 
| 101|0x0000000708b00000, 0x0000000708b00000, 0x0000000708c00000|  0%| F|  |TAMS 0x0000000708b00000, 0x0000000708b00000| Untracked 
| 102|0x0000000708c00000, 0x0000000708c00000, 0x0000000708d00000|  0%| F|  |TAMS 0x0000000708c00000, 0x0000000708c00000| Untracked 
| 103|0x0000000708d00000, 0x0000000708d00000, 0x0000000708e00000|  0%| F|  |TAMS 0x0000000708d00000, 0x0000000708d00000| Untracked 
| 104|0x0000000708e00000, 0x0000000708e00000, 0x0000000708f00000|  0%| F|  |TAMS 0x0000000708e00000, 0x0000000708e00000| Untracked 
| 105|0x0000000708f00000, 0x0000000708f00000, 0x0000000709000000|  0%| F|  |TAMS 0x0000000708f00000, 0x0000000708f00000| Untracked 
| 106|0x0000000709000000, 0x0000000709000000, 0x0000000709100000|  0%| F|  |TAMS 0x0000000709000000, 0x0000000709000000| Untracked 
| 107|0x0000000709100000, 0x0000000709100000, 0x0000000709200000|  0%| F|  |TAMS 0x0000000709100000, 0x0000000709100000| Untracked 
| 108|0x0000000709200000, 0x0000000709200000, 0x0000000709300000|  0%| F|  |TAMS 0x0000000709200000, 0x0000000709200000| Untracked 
| 109|0x0000000709300000, 0x0000000709300000, 0x0000000709400000|  0%| F|  |TAMS 0x0000000709300000, 0x0000000709300000| Untracked 
| 110|0x0000000709400000, 0x0000000709400000, 0x0000000709500000|  0%| F|  |TAMS 0x0000000709400000, 0x0000000709400000| Untracked 
| 111|0x0000000709500000, 0x0000000709500000, 0x0000000709600000|  0%| F|  |TAMS 0x0000000709500000, 0x0000000709500000| Untracked 
| 112|0x0000000709600000, 0x0000000709600000, 0x0000000709700000|  0%| F|  |TAMS 0x0000000709600000, 0x0000000709600000| Untracked 
| 113|0x0000000709700000, 0x0000000709700000, 0x0000000709800000|  0%| F|  |TAMS 0x0000000709700000, 0x0000000709700000| Untracked 
| 114|0x0000000709800000, 0x0000000709800000, 0x0000000709900000|  0%| F|  |TAMS 0x0000000709800000, 0x0000000709800000| Untracked 
| 115|0x0000000709900000, 0x0000000709900000, 0x0000000709a00000|  0%| F|  |TAMS 0x0000000709900000, 0x0000000709900000| Untracked 
| 116|0x0000000709a00000, 0x0000000709a00000, 0x0000000709b00000|  0%| F|  |TAMS 0x0000000709a00000, 0x0000000709a00000| Untracked 
| 117|0x0000000709b00000, 0x0000000709b00000, 0x0000000709c00000|  0%| F|  |TAMS 0x0000000709b00000, 0x0000000709b00000| Untracked 
| 118|0x0000000709c00000, 0x0000000709c00000, 0x0000000709d00000|  0%| F|  |TAMS 0x0000000709c00000, 0x0000000709c00000| Untracked 
| 119|0x0000000709d00000, 0x0000000709d00000, 0x0000000709e00000|  0%| F|  |TAMS 0x0000000709d00000, 0x0000000709d00000| Untracked 
| 120|0x0000000709e00000, 0x0000000709e00000, 0x0000000709f00000|  0%| F|  |TAMS 0x0000000709e00000, 0x0000000709e00000| Untracked 
| 121|0x0000000709f00000, 0x0000000709f00000, 0x000000070a000000|  0%| F|  |TAMS 0x0000000709f00000, 0x0000000709f00000| Untracked 
| 122|0x000000070a000000, 0x000000070a000000, 0x000000070a100000|  0%| F|  |TAMS 0x000000070a000000, 0x000000070a000000| Untracked 
| 123|0x000000070a100000, 0x000000070a100000, 0x000000070a200000|  0%| F|  |TAMS 0x000000070a100000, 0x000000070a100000| Untracked 
| 124|0x000000070a200000, 0x000000070a200000, 0x000000070a300000|  0%| F|  |TAMS 0x000000070a200000, 0x000000070a200000| Untracked 
| 125|0x000000070a300000, 0x000000070a300000, 0x000000070a400000|  0%| F|  |TAMS 0x000000070a300000, 0x000000070a300000| Untracked 
| 126|0x000000070a400000, 0x000000070a400000, 0x000000070a500000|  0%| F|  |TAMS 0x000000070a400000, 0x000000070a400000| Untracked 
| 127|0x000000070a500000, 0x000000070a500000, 0x000000070a600000|  0%| F|  |TAMS 0x000000070a500000, 0x000000070a500000| Untracked 
| 128|0x000000070a600000, 0x000000070a600000, 0x000000070a700000|  0%| F|  |TAMS 0x000000070a600000, 0x000000070a600000| Untracked 
| 129|0x000000070a700000, 0x000000070a700000, 0x000000070a800000|  0%| F|  |TAMS 0x000000070a700000, 0x000000070a700000| Untracked 
| 130|0x000000070a800000, 0x000000070a800000, 0x000000070a900000|  0%| F|  |TAMS 0x000000070a800000, 0x000000070a800000| Untracked 
| 131|0x000000070a900000, 0x000000070a900000, 0x000000070aa00000|  0%| F|  |TAMS 0x000000070a900000, 0x000000070a900000| Untracked 
| 132|0x000000070aa00000, 0x000000070aa00000, 0x000000070ab00000|  0%| F|  |TAMS 0x000000070aa00000, 0x000000070aa00000| Untracked 
| 133|0x000000070ab00000, 0x000000070ab00000, 0x000000070ac00000|  0%| F|  |TAMS 0x000000070ab00000, 0x000000070ab00000| Untracked 
| 134|0x000000070ac00000, 0x000000070ac00000, 0x000000070ad00000|  0%| F|  |TAMS 0x000000070ac00000, 0x000000070ac00000| Untracked 
| 135|0x000000070ad00000, 0x000000070ad00000, 0x000000070ae00000|  0%| F|  |TAMS 0x000000070ad00000, 0x000000070ad00000| Untracked 
| 136|0x000000070ae00000, 0x000000070ae00000, 0x000000070af00000|  0%| F|  |TAMS 0x000000070ae00000, 0x000000070ae00000| Untracked 
| 137|0x000000070af00000, 0x000000070af00000, 0x000000070b000000|  0%| F|  |TAMS 0x000000070af00000, 0x000000070af00000| Untracked 
| 138|0x000000070b000000, 0x000000070b000000, 0x000000070b100000|  0%| F|  |TAMS 0x000000070b000000, 0x000000070b000000| Untracked 
| 139|0x000000070b100000, 0x000000070b100000, 0x000000070b200000|  0%| F|  |TAMS 0x000000070b100000, 0x000000070b100000| Untracked 
| 140|0x000000070b200000, 0x000000070b200000, 0x000000070b300000|  0%| F|  |TAMS 0x000000070b200000, 0x000000070b200000| Untracked 
| 141|0x000000070b300000, 0x000000070b300000, 0x000000070b400000|  0%| F|  |TAMS 0x000000070b300000, 0x000000070b300000| Untracked 
| 142|0x000000070b400000, 0x000000070b400000, 0x000000070b500000|  0%| F|  |TAMS 0x000000070b400000, 0x000000070b400000| Untracked 
| 143|0x000000070b500000, 0x000000070b500000, 0x000000070b600000|  0%| F|  |TAMS 0x000000070b500000, 0x000000070b500000| Untracked 
| 144|0x000000070b600000, 0x000000070b600000, 0x000000070b700000|  0%| F|  |TAMS 0x000000070b600000, 0x000000070b600000| Untracked 
| 145|0x000000070b700000, 0x000000070b700000, 0x000000070b800000|  0%| F|  |TAMS 0x000000070b700000, 0x000000070b700000| Untracked 
| 146|0x000000070b800000, 0x000000070b800000, 0x000000070b900000|  0%| F|  |TAMS 0x000000070b800000, 0x000000070b800000| Untracked 
| 147|0x000000070b900000, 0x000000070b900000, 0x000000070ba00000|  0%| F|  |TAMS 0x000000070b900000, 0x000000070b900000| Untracked 
| 148|0x000000070ba00000, 0x000000070ba00000, 0x000000070bb00000|  0%| F|  |TAMS 0x000000070ba00000, 0x000000070ba00000| Untracked 
| 149|0x000000070bb00000, 0x000000070bb00000, 0x000000070bc00000|  0%| F|  |TAMS 0x000000070bb00000, 0x000000070bb00000| Untracked 
| 150|0x000000070bc00000, 0x000000070bc00000, 0x000000070bd00000|  0%| F|  |TAMS 0x000000070bc00000, 0x000000070bc00000| Untracked 
| 151|0x000000070bd00000, 0x000000070bd00000, 0x000000070be00000|  0%| F|  |TAMS 0x000000070bd00000, 0x000000070bd00000| Untracked 
| 152|0x000000070be00000, 0x000000070be00000, 0x000000070bf00000|  0%| F|  |TAMS 0x000000070be00000, 0x000000070be00000| Untracked 
| 153|0x000000070bf00000, 0x000000070bf00000, 0x000000070c000000|  0%| F|  |TAMS 0x000000070bf00000, 0x000000070bf00000| Untracked 
| 154|0x000000070c000000, 0x000000070c000000, 0x000000070c100000|  0%| F|  |TAMS 0x000000070c000000, 0x000000070c000000| Untracked 
| 155|0x000000070c100000, 0x000000070c100000, 0x000000070c200000|  0%| F|  |TAMS 0x000000070c100000, 0x000000070c100000| Untracked 
| 156|0x000000070c200000, 0x000000070c200000, 0x000000070c300000|  0%| F|  |TAMS 0x000000070c200000, 0x000000070c200000| Untracked 
| 157|0x000000070c300000, 0x000000070c300000, 0x000000070c400000|  0%| F|  |TAMS 0x000000070c300000, 0x000000070c300000| Untracked 
| 158|0x000000070c400000, 0x000000070c400000, 0x000000070c500000|  0%| F|  |TAMS 0x000000070c400000, 0x000000070c400000| Untracked 
| 159|0x000000070c500000, 0x000000070c500000, 0x000000070c600000|  0%| F|  |TAMS 0x000000070c500000, 0x000000070c500000| Untracked 
| 160|0x000000070c600000, 0x000000070c600000, 0x000000070c700000|  0%| F|  |TAMS 0x000000070c600000, 0x000000070c600000| Untracked 
| 161|0x000000070c700000, 0x000000070c700000, 0x000000070c800000|  0%| F|  |TAMS 0x000000070c700000, 0x000000070c700000| Untracked 
| 162|0x000000070c800000, 0x000000070c800000, 0x000000070c900000|  0%| F|  |TAMS 0x000000070c800000, 0x000000070c800000| Untracked 
| 163|0x000000070c900000, 0x000000070c900000, 0x000000070ca00000|  0%| F|  |TAMS 0x000000070c900000, 0x000000070c900000| Untracked 
| 164|0x000000070ca00000, 0x000000070ca00000, 0x000000070cb00000|  0%| F|  |TAMS 0x000000070ca00000, 0x000000070ca00000| Untracked 
| 165|0x000000070cb00000, 0x000000070cb00000, 0x000000070cc00000|  0%| F|  |TAMS 0x000000070cb00000, 0x000000070cb00000| Untracked 
| 166|0x000000070cc00000, 0x000000070cc00000, 0x000000070cd00000|  0%| F|  |TAMS 0x000000070cc00000, 0x000000070cc00000| Untracked 
| 167|0x000000070cd00000, 0x000000070cd00000, 0x000000070ce00000|  0%| F|  |TAMS 0x000000070cd00000, 0x000000070cd00000| Untracked 
| 168|0x000000070ce00000, 0x000000070ce00000, 0x000000070cf00000|  0%| F|  |TAMS 0x000000070ce00000, 0x000000070ce00000| Untracked 
| 169|0x000000070cf00000, 0x000000070cf00000, 0x000000070d000000|  0%| F|  |TAMS 0x000000070cf00000, 0x000000070cf00000| Untracked 
| 170|0x000000070d000000, 0x000000070d000000, 0x000000070d100000|  0%| F|  |TAMS 0x000000070d000000, 0x000000070d000000| Untracked 
| 171|0x000000070d100000, 0x000000070d100000, 0x000000070d200000|  0%| F|  |TAMS 0x000000070d100000, 0x000000070d100000| Untracked 
| 172|0x000000070d200000, 0x000000070d200000, 0x000000070d300000|  0%| F|  |TAMS 0x000000070d200000, 0x000000070d200000| Untracked 
| 173|0x000000070d300000, 0x000000070d300000, 0x000000070d400000|  0%| F|  |TAMS 0x000000070d300000, 0x000000070d300000| Untracked 
| 174|0x000000070d400000, 0x000000070d400000, 0x000000070d500000|  0%| F|  |TAMS 0x000000070d400000, 0x000000070d400000| Untracked 
| 175|0x000000070d500000, 0x000000070d500000, 0x000000070d600000|  0%| F|  |TAMS 0x000000070d500000, 0x000000070d500000| Untracked 
| 176|0x000000070d600000, 0x000000070d600000, 0x000000070d700000|  0%| F|  |TAMS 0x000000070d600000, 0x000000070d600000| Untracked 
| 177|0x000000070d700000, 0x000000070d700000, 0x000000070d800000|  0%| F|  |TAMS 0x000000070d700000, 0x000000070d700000| Untracked 
| 178|0x000000070d800000, 0x000000070d800000, 0x000000070d900000|  0%| F|  |TAMS 0x000000070d800000, 0x000000070d800000| Untracked 
| 179|0x000000070d900000, 0x000000070d900000, 0x000000070da00000|  0%| F|  |TAMS 0x000000070d900000, 0x000000070d900000| Untracked 
| 180|0x000000070da00000, 0x000000070da00000, 0x000000070db00000|  0%| F|  |TAMS 0x000000070da00000, 0x000000070da00000| Untracked 
| 181|0x000000070db00000, 0x000000070db00000, 0x000000070dc00000|  0%| F|  |TAMS 0x000000070db00000, 0x000000070db00000| Untracked 
| 182|0x000000070dc00000, 0x000000070dc00000, 0x000000070dd00000|  0%| F|  |TAMS 0x000000070dc00000, 0x000000070dc00000| Untracked 
| 183|0x000000070dd00000, 0x000000070dd00000, 0x000000070de00000|  0%| F|  |TAMS 0x000000070dd00000, 0x000000070dd00000| Untracked 
| 184|0x000000070de00000, 0x000000070de00000, 0x000000070df00000|  0%| F|  |TAMS 0x000000070de00000, 0x000000070de00000| Untracked 
| 185|0x000000070df00000, 0x000000070df00000, 0x000000070e000000|  0%| F|  |TAMS 0x000000070df00000, 0x000000070df00000| Untracked 
| 186|0x000000070e000000, 0x000000070e000000, 0x000000070e100000|  0%| F|  |TAMS 0x000000070e000000, 0x000000070e000000| Untracked 
| 187|0x000000070e100000, 0x000000070e100000, 0x000000070e200000|  0%| F|  |TAMS 0x000000070e100000, 0x000000070e100000| Untracked 
| 188|0x000000070e200000, 0x000000070e200000, 0x000000070e300000|  0%| F|  |TAMS 0x000000070e200000, 0x000000070e200000| Untracked 
| 189|0x000000070e300000, 0x000000070e300000, 0x000000070e400000|  0%| F|  |TAMS 0x000000070e300000, 0x000000070e300000| Untracked 
| 190|0x000000070e400000, 0x000000070e400000, 0x000000070e500000|  0%| F|  |TAMS 0x000000070e400000, 0x000000070e400000| Untracked 
| 191|0x000000070e500000, 0x000000070e500000, 0x000000070e600000|  0%| F|  |TAMS 0x000000070e500000, 0x000000070e500000| Untracked 
| 192|0x000000070e600000, 0x000000070e600000, 0x000000070e700000|  0%| F|  |TAMS 0x000000070e600000, 0x000000070e600000| Untracked 
| 193|0x000000070e700000, 0x000000070e700000, 0x000000070e800000|  0%| F|  |TAMS 0x000000070e700000, 0x000000070e700000| Untracked 
| 194|0x000000070e800000, 0x000000070e800000, 0x000000070e900000|  0%| F|  |TAMS 0x000000070e800000, 0x000000070e800000| Untracked 
| 195|0x000000070e900000, 0x000000070e900000, 0x000000070ea00000|  0%| F|  |TAMS 0x000000070e900000, 0x000000070e900000| Untracked 
| 196|0x000000070ea00000, 0x000000070ea00000, 0x000000070eb00000|  0%| F|  |TAMS 0x000000070ea00000, 0x000000070ea00000| Untracked 
| 197|0x000000070eb00000, 0x000000070eb00000, 0x000000070ec00000|  0%| F|  |TAMS 0x000000070eb00000, 0x000000070eb00000| Untracked 
| 198|0x000000070ec00000, 0x000000070ec00000, 0x000000070ed00000|  0%| F|  |TAMS 0x000000070ec00000, 0x000000070ec00000| Untracked 
| 199|0x000000070ed00000, 0x000000070ed00000, 0x000000070ee00000|  0%| F|  |TAMS 0x000000070ed00000, 0x000000070ed00000| Untracked 
| 200|0x000000070ee00000, 0x000000070ee00000, 0x000000070ef00000|  0%| F|  |TAMS 0x000000070ee00000, 0x000000070ee00000| Untracked 
| 201|0x000000070ef00000, 0x000000070ef00000, 0x000000070f000000|  0%| F|  |TAMS 0x000000070ef00000, 0x000000070ef00000| Untracked 
| 202|0x000000070f000000, 0x000000070f000000, 0x000000070f100000|  0%| F|  |TAMS 0x000000070f000000, 0x000000070f000000| Untracked 
| 203|0x000000070f100000, 0x000000070f100000, 0x000000070f200000|  0%| F|  |TAMS 0x000000070f100000, 0x000000070f100000| Untracked 
| 204|0x000000070f200000, 0x000000070f200000, 0x000000070f300000|  0%| F|  |TAMS 0x000000070f200000, 0x000000070f200000| Untracked 
| 205|0x000000070f300000, 0x000000070f300000, 0x000000070f400000|  0%| F|  |TAMS 0x000000070f300000, 0x000000070f300000| Untracked 
| 206|0x000000070f400000, 0x000000070f400000, 0x000000070f500000|  0%| F|  |TAMS 0x000000070f400000, 0x000000070f400000| Untracked 
| 207|0x000000070f500000, 0x000000070f500000, 0x000000070f600000|  0%| F|  |TAMS 0x000000070f500000, 0x000000070f500000| Untracked 
| 208|0x000000070f600000, 0x000000070f600000, 0x000000070f700000|  0%| F|  |TAMS 0x000000070f600000, 0x000000070f600000| Untracked 
| 209|0x000000070f700000, 0x000000070f700000, 0x000000070f800000|  0%| F|  |TAMS 0x000000070f700000, 0x000000070f700000| Untracked 
| 210|0x000000070f800000, 0x000000070f800000, 0x000000070f900000|  0%| F|  |TAMS 0x000000070f800000, 0x000000070f800000| Untracked 
| 211|0x000000070f900000, 0x000000070f900000, 0x000000070fa00000|  0%| F|  |TAMS 0x000000070f900000, 0x000000070f900000| Untracked 
| 212|0x000000070fa00000, 0x000000070fb00000, 0x000000070fb00000|100%| E|  |TAMS 0x000000070fa00000, 0x000000070fa00000| Complete 
| 213|0x000000070fb00000, 0x000000070fc00000, 0x000000070fc00000|100%| E|CS|TAMS 0x000000070fb00000, 0x000000070fb00000| Complete 
| 214|0x000000070fc00000, 0x000000070fd00000, 0x000000070fd00000|100%| E|CS|TAMS 0x000000070fc00000, 0x000000070fc00000| Complete 
| 215|0x000000070fd00000, 0x000000070fe00000, 0x000000070fe00000|100%| E|CS|TAMS 0x000000070fd00000, 0x000000070fd00000| Complete 
| 216|0x000000070fe00000, 0x000000070ff00000, 0x000000070ff00000|100%| E|CS|TAMS 0x000000070fe00000, 0x000000070fe00000| Complete 
| 217|0x000000070ff00000, 0x0000000710000000, 0x0000000710000000|100%| E|CS|TAMS 0x000000070ff00000, 0x000000070ff00000| Complete 
| 218|0x0000000710000000, 0x0000000710100000, 0x0000000710100000|100%| E|CS|TAMS 0x0000000710000000, 0x0000000710000000| Complete 
| 219|0x0000000710100000, 0x0000000710200000, 0x0000000710200000|100%| E|CS|TAMS 0x0000000710100000, 0x0000000710100000| Complete 
| 220|0x0000000710200000, 0x0000000710300000, 0x0000000710300000|100%| E|CS|TAMS 0x0000000710200000, 0x0000000710200000| Complete 
| 221|0x0000000710300000, 0x0000000710400000, 0x0000000710400000|100%| E|CS|TAMS 0x0000000710300000, 0x0000000710300000| Complete 
| 222|0x0000000710400000, 0x0000000710500000, 0x0000000710500000|100%| E|CS|TAMS 0x0000000710400000, 0x0000000710400000| Complete 
| 223|0x0000000710500000, 0x0000000710600000, 0x0000000710600000|100%| E|CS|TAMS 0x0000000710500000, 0x0000000710500000| Complete 
| 224|0x0000000710600000, 0x0000000710700000, 0x0000000710700000|100%| E|CS|TAMS 0x0000000710600000, 0x0000000710600000| Complete 
| 225|0x0000000710700000, 0x0000000710800000, 0x0000000710800000|100%| E|CS|TAMS 0x0000000710700000, 0x0000000710700000| Complete 
| 226|0x0000000710800000, 0x0000000710900000, 0x0000000710900000|100%| E|CS|TAMS 0x0000000710800000, 0x0000000710800000| Complete 
| 227|0x0000000710900000, 0x0000000710a00000, 0x0000000710a00000|100%| E|CS|TAMS 0x0000000710900000, 0x0000000710900000| Complete 
| 228|0x0000000710a00000, 0x0000000710b00000, 0x0000000710b00000|100%| E|CS|TAMS 0x0000000710a00000, 0x0000000710a00000| Complete 
| 229|0x0000000710b00000, 0x0000000710c00000, 0x0000000710c00000|100%| E|CS|TAMS 0x0000000710b00000, 0x0000000710b00000| Complete 
| 230|0x0000000710c00000, 0x0000000710d00000, 0x0000000710d00000|100%| E|CS|TAMS 0x0000000710c00000, 0x0000000710c00000| Complete 
| 231|0x0000000710d00000, 0x0000000710e00000, 0x0000000710e00000|100%| E|CS|TAMS 0x0000000710d00000, 0x0000000710d00000| Complete 
| 232|0x0000000710e00000, 0x0000000710f00000, 0x0000000710f00000|100%| E|CS|TAMS 0x0000000710e00000, 0x0000000710e00000| Complete 
| 233|0x0000000710f00000, 0x0000000711000000, 0x0000000711000000|100%| E|CS|TAMS 0x0000000710f00000, 0x0000000710f00000| Complete 
| 234|0x0000000711000000, 0x0000000711100000, 0x0000000711100000|100%| E|CS|TAMS 0x0000000711000000, 0x0000000711000000| Complete 
| 235|0x0000000711100000, 0x0000000711200000, 0x0000000711200000|100%| E|CS|TAMS 0x0000000711100000, 0x0000000711100000| Complete 
| 236|0x0000000711200000, 0x0000000711300000, 0x0000000711300000|100%| E|CS|TAMS 0x0000000711200000, 0x0000000711200000| Complete 
| 237|0x0000000711300000, 0x0000000711400000, 0x0000000711400000|100%| E|CS|TAMS 0x0000000711300000, 0x0000000711300000| Complete 
| 238|0x0000000711400000, 0x0000000711500000, 0x0000000711500000|100%| E|CS|TAMS 0x0000000711400000, 0x0000000711400000| Complete 
| 239|0x0000000711500000, 0x0000000711600000, 0x0000000711600000|100%| E|CS|TAMS 0x0000000711500000, 0x0000000711500000| Complete 
| 240|0x0000000711600000, 0x0000000711700000, 0x0000000711700000|100%| E|CS|TAMS 0x0000000711600000, 0x0000000711600000| Complete 
| 241|0x0000000711700000, 0x0000000711800000, 0x0000000711800000|100%| E|CS|TAMS 0x0000000711700000, 0x0000000711700000| Complete 
| 242|0x0000000711800000, 0x0000000711900000, 0x0000000711900000|100%| E|CS|TAMS 0x0000000711800000, 0x0000000711800000| Complete 
| 243|0x0000000711900000, 0x0000000711a00000, 0x0000000711a00000|100%| E|CS|TAMS 0x0000000711900000, 0x0000000711900000| Complete 
| 244|0x0000000711a00000, 0x0000000711b00000, 0x0000000711b00000|100%| E|CS|TAMS 0x0000000711a00000, 0x0000000711a00000| Complete 
| 245|0x0000000711b00000, 0x0000000711c00000, 0x0000000711c00000|100%| E|CS|TAMS 0x0000000711b00000, 0x0000000711b00000| Complete 
| 246|0x0000000711c00000, 0x0000000711d00000, 0x0000000711d00000|100%| E|CS|TAMS 0x0000000711c00000, 0x0000000711c00000| Complete 
| 247|0x0000000711d00000, 0x0000000711e00000, 0x0000000711e00000|100%| E|CS|TAMS 0x0000000711d00000, 0x0000000711d00000| Complete 
| 248|0x0000000711e00000, 0x0000000711f00000, 0x0000000711f00000|100%| E|CS|TAMS 0x0000000711e00000, 0x0000000711e00000| Complete 
| 249|0x0000000711f00000, 0x0000000712000000, 0x0000000712000000|100%| E|CS|TAMS 0x0000000711f00000, 0x0000000711f00000| Complete 
| 250|0x0000000712000000, 0x0000000712100000, 0x0000000712100000|100%| E|CS|TAMS 0x0000000712000000, 0x0000000712000000| Complete 
| 251|0x0000000712100000, 0x0000000712200000, 0x0000000712200000|100%| E|CS|TAMS 0x0000000712100000, 0x0000000712100000| Complete 
| 252|0x0000000712200000, 0x0000000712300000, 0x0000000712300000|100%| E|CS|TAMS 0x0000000712200000, 0x0000000712200000| Complete 
| 253|0x0000000712300000, 0x0000000712400000, 0x0000000712400000|100%| E|CS|TAMS 0x0000000712300000, 0x0000000712300000| Complete 
| 254|0x0000000712400000, 0x0000000712500000, 0x0000000712500000|100%| E|CS|TAMS 0x0000000712400000, 0x0000000712400000| Complete 
| 255|0x0000000712500000, 0x0000000712600000, 0x0000000712600000|100%| E|CS|TAMS 0x0000000712500000, 0x0000000712500000| Complete 
| 256|0x0000000712600000, 0x0000000712700000, 0x0000000712700000|100%| E|CS|TAMS 0x0000000712600000, 0x0000000712600000| Complete 
| 257|0x0000000712700000, 0x0000000712800000, 0x0000000712800000|100%| E|CS|TAMS 0x0000000712700000, 0x0000000712700000| Complete 
| 258|0x0000000712800000, 0x0000000712900000, 0x0000000712900000|100%| E|CS|TAMS 0x0000000712800000, 0x0000000712800000| Complete 
| 259|0x0000000712900000, 0x0000000712a00000, 0x0000000712a00000|100%| E|CS|TAMS 0x0000000712900000, 0x0000000712900000| Complete 
| 260|0x0000000712a00000, 0x0000000712b00000, 0x0000000712b00000|100%| E|CS|TAMS 0x0000000712a00000, 0x0000000712a00000| Complete 
| 261|0x0000000712b00000, 0x0000000712c00000, 0x0000000712c00000|100%| E|CS|TAMS 0x0000000712b00000, 0x0000000712b00000| Complete 
| 262|0x0000000712c00000, 0x0000000712d00000, 0x0000000712d00000|100%| E|CS|TAMS 0x0000000712c00000, 0x0000000712c00000| Complete 
| 263|0x0000000712d00000, 0x0000000712e00000, 0x0000000712e00000|100%| E|CS|TAMS 0x0000000712d00000, 0x0000000712d00000| Complete 
| 264|0x0000000712e00000, 0x0000000712f00000, 0x0000000712f00000|100%| E|CS|TAMS 0x0000000712e00000, 0x0000000712e00000| Complete 
| 265|0x0000000712f00000, 0x0000000713000000, 0x0000000713000000|100%| E|CS|TAMS 0x0000000712f00000, 0x0000000712f00000| Complete 
| 266|0x0000000713000000, 0x0000000713100000, 0x0000000713100000|100%| E|CS|TAMS 0x0000000713000000, 0x0000000713000000| Complete 
| 267|0x0000000713100000, 0x0000000713200000, 0x0000000713200000|100%| E|CS|TAMS 0x0000000713100000, 0x0000000713100000| Complete 
| 268|0x0000000713200000, 0x0000000713300000, 0x0000000713300000|100%| E|CS|TAMS 0x0000000713200000, 0x0000000713200000| Complete 
| 269|0x0000000713300000, 0x0000000713400000, 0x0000000713400000|100%| E|CS|TAMS 0x0000000713300000, 0x0000000713300000| Complete 
| 270|0x0000000713400000, 0x0000000713500000, 0x0000000713500000|100%| E|CS|TAMS 0x0000000713400000, 0x0000000713400000| Complete 
| 271|0x0000000713500000, 0x0000000713600000, 0x0000000713600000|100%| E|CS|TAMS 0x0000000713500000, 0x0000000713500000| Complete 
| 272|0x0000000713600000, 0x00000007136e9548, 0x0000000713700000| 91%| S|CS|TAMS 0x0000000713600000, 0x0000000713600000| Complete 
| 273|0x0000000713700000, 0x0000000713800000, 0x0000000713800000|100%| S|CS|TAMS 0x0000000713700000, 0x0000000713700000| Complete 
| 274|0x0000000713800000, 0x0000000713900000, 0x0000000713900000|100%| S|CS|TAMS 0x0000000713800000, 0x0000000713800000| Complete 
| 275|0x0000000713900000, 0x0000000713a00000, 0x0000000713a00000|100%| S|CS|TAMS 0x0000000713900000, 0x0000000713900000| Complete 
| 276|0x0000000713a00000, 0x0000000713b00000, 0x0000000713b00000|100%| S|CS|TAMS 0x0000000713a00000, 0x0000000713a00000| Complete 
| 277|0x0000000713b00000, 0x0000000713c00000, 0x0000000713c00000|100%| S|CS|TAMS 0x0000000713b00000, 0x0000000713b00000| Complete 
| 278|0x0000000713c00000, 0x0000000713d00000, 0x0000000713d00000|100%| S|CS|TAMS 0x0000000713c00000, 0x0000000713c00000| Complete 
| 279|0x0000000713d00000, 0x0000000713e00000, 0x0000000713e00000|100%| S|CS|TAMS 0x0000000713d00000, 0x0000000713d00000| Complete 
| 280|0x0000000713e00000, 0x0000000713f00000, 0x0000000713f00000|100%| E|CS|TAMS 0x0000000713e00000, 0x0000000713e00000| Complete 
| 281|0x0000000713f00000, 0x0000000714000000, 0x0000000714000000|100%| E|CS|TAMS 0x0000000713f00000, 0x0000000713f00000| Complete 
| 282|0x0000000714000000, 0x0000000714100000, 0x0000000714100000|100%| E|CS|TAMS 0x0000000714000000, 0x0000000714000000| Complete 
| 283|0x0000000714100000, 0x0000000714200000, 0x0000000714200000|100%| E|CS|TAMS 0x0000000714100000, 0x0000000714100000| Complete 
| 284|0x0000000714200000, 0x0000000714300000, 0x0000000714300000|100%| E|CS|TAMS 0x0000000714200000, 0x0000000714200000| Complete 
| 285|0x0000000714300000, 0x0000000714400000, 0x0000000714400000|100%| E|CS|TAMS 0x0000000714300000, 0x0000000714300000| Complete 
| 286|0x0000000714400000, 0x0000000714500000, 0x0000000714500000|100%| E|CS|TAMS 0x0000000714400000, 0x0000000714400000| Complete 
| 287|0x0000000714500000, 0x0000000714600000, 0x0000000714600000|100%| E|CS|TAMS 0x0000000714500000, 0x0000000714500000| Complete 
| 288|0x0000000714600000, 0x0000000714700000, 0x0000000714700000|100%| E|CS|TAMS 0x0000000714600000, 0x0000000714600000| Complete 
| 289|0x0000000714700000, 0x0000000714800000, 0x0000000714800000|100%| E|CS|TAMS 0x0000000714700000, 0x0000000714700000| Complete 
| 290|0x0000000714800000, 0x0000000714900000, 0x0000000714900000|100%| E|CS|TAMS 0x0000000714800000, 0x0000000714800000| Complete 
| 291|0x0000000714900000, 0x0000000714a00000, 0x0000000714a00000|100%| E|CS|TAMS 0x0000000714900000, 0x0000000714900000| Complete 
| 292|0x0000000714a00000, 0x0000000714b00000, 0x0000000714b00000|100%| E|CS|TAMS 0x0000000714a00000, 0x0000000714a00000| Complete 
| 293|0x0000000714b00000, 0x0000000714c00000, 0x0000000714c00000|100%| E|CS|TAMS 0x0000000714b00000, 0x0000000714b00000| Complete 
| 294|0x0000000714c00000, 0x0000000714d00000, 0x0000000714d00000|100%| E|CS|TAMS 0x0000000714c00000, 0x0000000714c00000| Complete 
| 295|0x0000000714d00000, 0x0000000714e00000, 0x0000000714e00000|100%| E|CS|TAMS 0x0000000714d00000, 0x0000000714d00000| Complete 
| 296|0x0000000714e00000, 0x0000000714f00000, 0x0000000714f00000|100%| E|CS|TAMS 0x0000000714e00000, 0x0000000714e00000| Complete 
| 297|0x0000000714f00000, 0x0000000715000000, 0x0000000715000000|100%| E|CS|TAMS 0x0000000714f00000, 0x0000000714f00000| Complete 
| 298|0x0000000715000000, 0x0000000715100000, 0x0000000715100000|100%| E|CS|TAMS 0x0000000715000000, 0x0000000715000000| Complete 
| 299|0x0000000715100000, 0x0000000715200000, 0x0000000715200000|100%| E|CS|TAMS 0x0000000715100000, 0x0000000715100000| Complete 
| 300|0x0000000715200000, 0x0000000715300000, 0x0000000715300000|100%| E|CS|TAMS 0x0000000715200000, 0x0000000715200000| Complete 
| 301|0x0000000715300000, 0x0000000715400000, 0x0000000715400000|100%| E|CS|TAMS 0x0000000715300000, 0x0000000715300000| Complete 
| 302|0x0000000715400000, 0x0000000715500000, 0x0000000715500000|100%| E|CS|TAMS 0x0000000715400000, 0x0000000715400000| Complete 
| 303|0x0000000715500000, 0x0000000715600000, 0x0000000715600000|100%| E|CS|TAMS 0x0000000715500000, 0x0000000715500000| Complete 
| 304|0x0000000715600000, 0x0000000715700000, 0x0000000715700000|100%| E|CS|TAMS 0x0000000715600000, 0x0000000715600000| Complete 

Card table byte_map: [0x000001a91f7c0000,0x000001a91ffb0000] _byte_map_base: 0x000001a91bfad000

Marking Bits (Prev, Next): (CMBitMap*) 0x000001a90a2efde0, (CMBitMap*) 0x000001a90a2efda8
 Prev Bits: [0x000001a924710000, 0x000001a928678000)
 Next Bits: [0x000001a9207a0000, 0x000001a924708000)

Polling page: 0x000001a90a340000

Metaspace:

Usage:
  Non-class:     59.15 MB capacity,    58.69 MB (>99%) used,   351.05 KB ( <1%) free+waste,   118.75 KB ( <1%) overhead. 
      Class:      7.67 MB capacity,     7.33 MB ( 96%) used,   296.62 KB (  4%) free+waste,    51.50 KB ( <1%) overhead. 
       Both:     66.82 MB capacity,    66.02 MB ( 99%) used,   647.66 KB ( <1%) free+waste,   170.25 KB ( <1%) overhead. 

Virtual space:
  Non-class space:       60.00 MB reserved,      59.25 MB ( 99%) committed 
      Class space:        1.00 GB reserved,       7.75 MB ( <1%) committed 
             Both:        1.06 GB reserved,      67.00 MB (  6%) committed 

Chunk freelists:
   Non-Class:  41.00 KB
       Class:  19.00 KB
        Both:  60.00 KB

MaxMetaspaceSize: 17179869184.00 GB
CompressedClassSpaceSize: 1.00 GB
Initial GC threshold: 20.80 MB
Current GC threshold: 98.54 MB
CDS: off

CodeHeap 'non-profiled nmethods': size=120000Kb used=5159Kb max_used=5159Kb free=114840Kb
 bounds [0x000001a917030000, 0x000001a917540000, 0x000001a91e560000]
CodeHeap 'profiled nmethods': size=120000Kb used=28082Kb max_used=28082Kb free=91917Kb
 bounds [0x000001a90fb00000, 0x000001a911670000, 0x000001a917030000]
CodeHeap 'non-nmethods': size=5760Kb used=1317Kb max_used=1370Kb free=4442Kb
 bounds [0x000001a90f560000, 0x000001a90f7d0000, 0x000001a90fb00000]
 total_blobs=10165 nmethods=9565 adapters=510
 compilation: enabled
              stopped_count=0, restarted_count=0
 full_count=0

Compilation events (20 events):
Event: 9.487 Thread 0x000001a92bb46000 9593       3       org.jetbrains.kotlin.resolve.calls.checkers.AssigningNamedArgumentToVarargChecker::check (154 bytes)
Event: 9.488 Thread 0x000001a92bb46000 nmethod 9593 0x000001a911616f10 code [0x000001a911617380, 0x000001a9116192c8]
Event: 9.488 Thread 0x000001a92bb46000 9603       3       org.jetbrains.kotlin.resolve.calls.checkers.NullableVarargArgumentCallChecker::check (344 bytes)
Event: 9.491 Thread 0x000001a92bb46000 nmethod 9603 0x000001a911619c10 code [0x000001a91161a260, 0x000001a91161dea8]
Event: 9.491 Thread 0x000001a92bb46000 9591       3       org.jetbrains.kotlin.resolve.checkers.MissingDependencyClassChecker::collectDiagnostics (163 bytes)
Event: 9.492 Thread 0x000001a92bd4e000 nmethod 9567 0x000001a917534790 code [0x000001a917534980, 0x000001a9175350b8]
Event: 9.492 Thread 0x000001a92bd4e000 9590       4       org.jetbrains.kotlin.types.KotlinTypeKt::isError (48 bytes)
Event: 9.492 Thread 0x000001a92bb46000 nmethod 9591 0x000001a91161ee10 code [0x000001a91161f160, 0x000001a911620388]
Event: 9.492 Thread 0x000001a92bb46000 9595       3       org.jetbrains.kotlin.resolve.calls.checkers.ImplicitNothingAsTypeParameterCallChecker::checkByReturnPositionWithoutExpected (598 bytes)
Event: 9.495 Thread 0x000001a92bd4e000 nmethod 9590 0x000001a917535610 code [0x000001a9175357c0, 0x000001a9175358f8]
Event: 9.495 Thread 0x000001a92bd4e000 9363       4       org.jetbrains.kotlin.psi.KtImportInfo::getImportedName (55 bytes)
Event: 9.499 Thread 0x000001a92bb46000 nmethod 9595 0x000001a911620910 code [0x000001a9116213a0, 0x000001a911627c98]
Event: 9.500 Thread 0x000001a92bb46000 9596       1       org.jetbrains.kotlin.types.FlexibleTypeWithEnhancement::getOrigin (5 bytes)
Event: 9.500 Thread 0x000001a92bb46000 nmethod 9596 0x000001a917535a90 code [0x000001a917535c40, 0x000001a917535cf8]
Event: 9.500 Thread 0x000001a92bb46000 9594       3       org.jetbrains.kotlin.resolve.calls.checkers.ImplicitNothingAsTypeParameterCallChecker::check (39 bytes)
Event: 9.501 Thread 0x000001a92bb46000 nmethod 9594 0x000001a911629f10 code [0x000001a91162a240, 0x000001a91162b238]
Event: 9.501 Thread 0x000001a92bb46000 9592       3       org.jetbrains.kotlin.resolve.calls.checkers.UnderscoreUsageChecker::check (137 bytes)
Event: 9.502 Thread 0x000001a92bb46000 nmethod 9592 0x000001a91162b790 code [0x000001a91162bbc0, 0x000001a91162d848]
Event: 9.502 Thread 0x000001a92bb46000 9597       3       org.jetbrains.kotlin.resolve.calls.checkers.ImplicitNothingAsTypeParameterCallChecker::checkAgainstNotNothingExpectedType (49 bytes)
Event: 9.503 Thread 0x000001a92bb46000 nmethod 9597 0x000001a91162e010 code [0x000001a91162e220, 0x000001a91162e5a8]

GC Heap History (18 events):
Event: 0.699 GC heap before
{Heap before GC invocations=0 (full 0):
 garbage-first heap   total 260096K, used 28672K [0x0000000702600000, 0x0000000800000000)
  region size 1024K, 24 young (24576K), 0 survivors (0K)
 Metaspace       used 12119K, capacity 12280K, committed 12544K, reserved 1060864K
  class space    used 1116K, capacity 1175K, committed 1280K, reserved 1048576K
}
Event: 0.703 GC heap after
{Heap after GC invocations=1 (full 0):
 garbage-first heap   total 260096K, used 6694K [0x0000000702600000, 0x0000000800000000)
  region size 1024K, 3 young (3072K), 3 survivors (3072K)
 Metaspace       used 12119K, capacity 12280K, committed 12544K, reserved 1060864K
  class space    used 1116K, capacity 1175K, committed 1280K, reserved 1048576K
}
Event: 1.437 GC heap before
{Heap before GC invocations=1 (full 0):
 garbage-first heap   total 260096K, used 45606K [0x0000000702600000, 0x0000000800000000)
  region size 1024K, 42 young (43008K), 3 survivors (3072K)
 Metaspace       used 20984K, capacity 21185K, committed 21248K, reserved 1069056K
  class space    used 2216K, capacity 2302K, committed 2304K, reserved 1048576K
}
Event: 1.450 GC heap after
{Heap after GC invocations=2 (full 0):
 garbage-first heap   total 260096K, used 10589K [0x0000000702600000, 0x0000000800000000)
  region size 1024K, 7 young (7168K), 7 survivors (7168K)
 Metaspace       used 20984K, capacity 21185K, committed 21248K, reserved 1069056K
  class space    used 2216K, capacity 2302K, committed 2304K, reserved 1048576K
}
Event: 2.564 GC heap before
{Heap before GC invocations=3 (full 0):
 garbage-first heap   total 260096K, used 67933K [0x0000000702600000, 0x0000000800000000)
  region size 1024K, 59 young (60416K), 7 survivors (7168K)
 Metaspace       used 30793K, capacity 31227K, committed 31488K, reserved 1077248K
  class space    used 3609K, capacity 3790K, committed 3840K, reserved 1048576K
}
Event: 2.576 GC heap after
{Heap after GC invocations=4 (full 0):
 garbage-first heap   total 260096K, used 22132K [0x0000000702600000, 0x0000000800000000)
  region size 1024K, 8 young (8192K), 8 survivors (8192K)
 Metaspace       used 30793K, capacity 31227K, committed 31488K, reserved 1077248K
  class space    used 3609K, capacity 3790K, committed 3840K, reserved 1048576K
}
Event: 2.830 GC heap before
{Heap before GC invocations=4 (full 0):
 garbage-first heap   total 260096K, used 46708K [0x0000000702600000, 0x0000000800000000)
  region size 1024K, 30 young (30720K), 8 survivors (8192K)
 Metaspace       used 33376K, capacity 33831K, committed 34048K, reserved 1079296K
  class space    used 4102K, capacity 4273K, committed 4352K, reserved 1048576K
}
Event: 2.842 GC heap after
{Heap after GC invocations=5 (full 0):
 garbage-first heap   total 260096K, used 28782K [0x0000000702600000, 0x0000000800000000)
  region size 1024K, 4 young (4096K), 4 survivors (4096K)
 Metaspace       used 33376K, capacity 33831K, committed 34048K, reserved 1079296K
  class space    used 4102K, capacity 4273K, committed 4352K, reserved 1048576K
}
Event: 2.993 GC heap before
{Heap before GC invocations=5 (full 0):
 garbage-first heap   total 260096K, used 36974K [0x0000000702600000, 0x0000000800000000)
  region size 1024K, 13 young (13312K), 4 survivors (4096K)
 Metaspace       used 35393K, capacity 35751K, committed 35840K, reserved 1081344K
  class space    used 4314K, capacity 4465K, committed 4480K, reserved 1048576K
}
Event: 2.998 GC heap after
{Heap after GC invocations=6 (full 0):
 garbage-first heap   total 312320K, used 30264K [0x0000000702600000, 0x0000000800000000)
  region size 1024K, 6 young (6144K), 6 survivors (6144K)
 Metaspace       used 35393K, capacity 35751K, committed 35840K, reserved 1081344K
  class space    used 4314K, capacity 4465K, committed 4480K, reserved 1048576K
}
Event: 3.896 GC heap before
{Heap before GC invocations=7 (full 0):
 garbage-first heap   total 312320K, used 83512K [0x0000000702600000, 0x0000000800000000)
  region size 1024K, 58 young (59392K), 6 survivors (6144K)
 Metaspace       used 45782K, capacity 46275K, committed 46592K, reserved 1089536K
  class space    used 5298K, capacity 5510K, committed 5632K, reserved 1048576K
}
Event: 3.903 GC heap after
{Heap after GC invocations=8 (full 0):
 garbage-first heap   total 312320K, used 33589K [0x0000000702600000, 0x0000000800000000)
  region size 1024K, 8 young (8192K), 8 survivors (8192K)
 Metaspace       used 45782K, capacity 46275K, committed 46592K, reserved 1089536K
  class space    used 5298K, capacity 5510K, committed 5632K, reserved 1048576K
}
Event: 5.776 GC heap before
{Heap before GC invocations=8 (full 0):
 garbage-first heap   total 312320K, used 143157K [0x0000000702600000, 0x0000000800000000)
  region size 1024K, 112 young (114688K), 8 survivors (8192K)
 Metaspace       used 55944K, capacity 56590K, committed 56832K, reserved 1099776K
  class space    used 6311K, capacity 6595K, committed 6656K, reserved 1048576K
}
Event: 5.790 GC heap after
{Heap after GC invocations=9 (full 0):
 garbage-first heap   total 312320K, used 48806K [0x0000000702600000, 0x0000000800000000)
  region size 1024K, 14 young (14336K), 14 survivors (14336K)
 Metaspace       used 55944K, capacity 56590K, committed 56832K, reserved 1099776K
  class space    used 6311K, capacity 6595K, committed 6656K, reserved 1048576K
}
Event: 6.217 GC heap before
{Heap before GC invocations=9 (full 0):
 garbage-first heap   total 312320K, used 96934K [0x0000000702600000, 0x0000000800000000)
  region size 1024K, 61 young (62464K), 14 survivors (14336K)
 Metaspace       used 56504K, capacity 57158K, committed 57344K, reserved 1099776K
  class space    used 6351K, capacity 6636K, committed 6656K, reserved 1048576K
}
Event: 6.234 GC heap after
{Heap after GC invocations=10 (full 0):
 garbage-first heap   total 312320K, used 56046K [0x0000000702600000, 0x0000000800000000)
  region size 1024K, 7 young (7168K), 7 survivors (7168K)
 Metaspace       used 56504K, capacity 57158K, committed 57344K, reserved 1099776K
  class space    used 6351K, capacity 6636K, committed 6656K, reserved 1048576K
}
Event: 6.781 GC heap before
{Heap before GC invocations=10 (full 0):
 garbage-first heap   total 312320K, used 80622K [0x0000000702600000, 0x0000000800000000)
  region size 1024K, 32 young (32768K), 7 survivors (7168K)
 Metaspace       used 59599K, capacity 60219K, committed 60288K, reserved 1101824K
  class space    used 6707K, capacity 6991K, committed 7040K, reserved 1048576K
}
Event: 6.793 GC heap after
{Heap after GC invocations=11 (full 0):
 garbage-first heap   total 312320K, used 57680K [0x0000000702600000, 0x0000000800000000)
  region size 1024K, 8 young (8192K), 8 survivors (8192K)
 Metaspace       used 59599K, capacity 60219K, committed 60288K, reserved 1101824K
  class space    used 6707K, capacity 6991K, committed 7040K, reserved 1048576K
}

Deoptimization events (20 events):
Event: 9.396 Thread 0x000001a90a28a000 Uncommon trap: trap_request=0xffffff6e fr.pc=0x000001a9174d48b0 relative=0x0000000000000070
Event: 9.396 Thread 0x000001a90a28a000 Uncommon trap: reason=speculate_class_check action=maybe_recompile pc=0x000001a9174d48b0 method=org.jetbrains.kotlin.resolve.scopes.ResolutionScope$DefaultImpls.recordLookup(Lorg/jetbrains/kotlin/resolve/scopes/ResolutionScope;Lorg/jetbrains/kotlin/name/N
Event: 9.396 Thread 0x000001a90a28a000 DEOPT PACKING pc=0x000001a9174d48b0 sp=0x00000003fccfb420
Event: 9.396 Thread 0x000001a90a28a000 DEOPT UNPACKING pc=0x000001a90f5aa1af sp=0x00000003fccfb2e0 mode 2
Event: 9.396 Thread 0x000001a90a28a000 Uncommon trap: trap_request=0xffffff6e fr.pc=0x000001a9174d48b0 relative=0x0000000000000070
Event: 9.396 Thread 0x000001a90a28a000 Uncommon trap: reason=speculate_class_check action=maybe_recompile pc=0x000001a9174d48b0 method=org.jetbrains.kotlin.resolve.scopes.ResolutionScope$DefaultImpls.recordLookup(Lorg/jetbrains/kotlin/resolve/scopes/ResolutionScope;Lorg/jetbrains/kotlin/name/N
Event: 9.396 Thread 0x000001a90a28a000 DEOPT PACKING pc=0x000001a9174d48b0 sp=0x00000003fccfb420
Event: 9.396 Thread 0x000001a90a28a000 DEOPT UNPACKING pc=0x000001a90f5aa1af sp=0x00000003fccfb2e0 mode 2
Event: 9.397 Thread 0x000001a90a28a000 Uncommon trap: trap_request=0xffffff6e fr.pc=0x000001a9174d48b0 relative=0x0000000000000070
Event: 9.397 Thread 0x000001a90a28a000 Uncommon trap: reason=speculate_class_check action=maybe_recompile pc=0x000001a9174d48b0 method=org.jetbrains.kotlin.resolve.scopes.ResolutionScope$DefaultImpls.recordLookup(Lorg/jetbrains/kotlin/resolve/scopes/ResolutionScope;Lorg/jetbrains/kotlin/name/N
Event: 9.397 Thread 0x000001a90a28a000 DEOPT PACKING pc=0x000001a9174d48b0 sp=0x00000003fccfb2a0
Event: 9.397 Thread 0x000001a90a28a000 DEOPT UNPACKING pc=0x000001a90f5aa1af sp=0x00000003fccfb160 mode 2
Event: 9.486 Thread 0x000001a90a28a000 Uncommon trap: trap_request=0xffffffde fr.pc=0x000001a917526e7c relative=0x000000000000425c
Event: 9.486 Thread 0x000001a90a28a000 Uncommon trap: reason=class_check action=maybe_recompile pc=0x000001a917526e7c method=org.jetbrains.kotlin.types.TypeUtils.contains(Lorg/jetbrains/kotlin/types/KotlinType;Lkotlin/jvm/functions/Function1;Lorg/jetbrains/kotlin/utils/SmartSet;)Z @ 95 c2
Event: 9.486 Thread 0x000001a90a28a000 DEOPT PACKING pc=0x000001a917526e7c sp=0x00000003fccf6000
Event: 9.486 Thread 0x000001a90a28a000 DEOPT UNPACKING pc=0x000001a90f5aa1af sp=0x00000003fccf5fd8 mode 2
Event: 9.494 Thread 0x000001a90a28a000 Uncommon trap: trap_request=0xffffffde fr.pc=0x000001a917526e7c relative=0x000000000000425c
Event: 9.495 Thread 0x000001a90a28a000 Uncommon trap: reason=class_check action=maybe_recompile pc=0x000001a917526e7c method=org.jetbrains.kotlin.types.TypeUtils.contains(Lorg/jetbrains/kotlin/types/KotlinType;Lkotlin/jvm/functions/Function1;Lorg/jetbrains/kotlin/utils/SmartSet;)Z @ 95 c2
Event: 9.495 Thread 0x000001a90a28a000 DEOPT PACKING pc=0x000001a917526e7c sp=0x00000003fccf7c20
Event: 9.495 Thread 0x000001a90a28a000 DEOPT UNPACKING pc=0x000001a90f5aa1af sp=0x00000003fccf7bf8 mode 2

Classes redefined (0 events):
No events

Internal exceptions (20 events):
Event: 6.042 Thread 0x000001a90a28a000 Exception <a 'java/lang/NoSuchMethodError'{0x000000071436dfc8}: 'java.lang.Object java.lang.invoke.DirectMethodHandle$Holder.invokeStatic(java.lang.Object, int, java.lang.Object, java.lang.Object)'> (0x000000071436dfc8) thrown at [src/hotspot/share/interpreter/linkResolver.cpp, line 773]
Event: 6.043 Thread 0x000001a90a28a000 Exception <a 'java/lang/NoSuchMethodError'{0x00000007143755e8}: 'java.lang.Object java.lang.invoke.DirectMethodHandle$Holder.invokeStatic(java.lang.Object, int, java.lang.Object)'> (0x00000007143755e8) thrown at [src/hotspot/share/interpreter/linkResolver.cpp, line 773]
Event: 6.044 Thread 0x000001a90a28a000 Exception <a 'java/lang/NoSuchMethodError'{0x000000071437b4a0}: 'int java.lang.invoke.DirectMethodHandle$Holder.invokeInterface(java.lang.Object, java.lang.Object)'> (0x000000071437b4a0) thrown at [src/hotspot/share/interpreter/linkResolver.cpp, line 773]
Event: 6.330 Thread 0x000001a90a28a000 Implicit null exception at 0x000001a91729d233 to 0x000001a91729d610
Event: 6.385 Thread 0x000001a90a28a000 Implicit null exception at 0x000001a91719754c to 0x000001a917197634
Event: 6.415 Thread 0x000001a90a28a000 Implicit null exception at 0x000001a9170d9f75 to 0x000001a9170da15c
Event: 6.464 Thread 0x000001a90a28a000 Implicit null exception at 0x000001a9170f0b43 to 0x000001a9170f0cc8
Event: 6.465 Thread 0x000001a90a28a000 Implicit null exception at 0x000001a9170908f8 to 0x000001a91709098a
Event: 6.551 Thread 0x000001a90a28a000 Exception <a 'java/lang/NoSuchMethodError'{0x000000071473f0a0}: 'int java.lang.invoke.DirectMethodHandle$Holder.invokeStaticInit(java.lang.Object, int)'> (0x000000071473f0a0) thrown at [src/hotspot/share/interpreter/linkResolver.cpp, line 773]
Event: 6.676 Thread 0x000001a90a28a000 Exception <a 'java/lang/NoSuchMethodError'{0x00000007142f0b88}: 'java.lang.Object java.lang.invoke.Invokers$Holder.linkToTargetMethod(java.lang.Object, java.lang.Object, java.lang.Object, java.lang.Object, java.lang.Object, java.lang.Object, java.lang.Object)'> (0x00000007142f0b88) thrown at [src/hotspot/share/interpreter/linkResolver.cpp, line 773]
Event: 7.036 Thread 0x000001a90a28a000 Exception <a 'java/lang/NoSuchMethodError'{0x000000071506de50}: 'int java.lang.invoke.DirectMethodHandle$Holder.invokeVirtual(java.lang.Object, java.lang.Object, java.lang.Object)'> (0x000000071506de50) thrown at [src/hotspot/share/interpreter/linkResolver.cpp, line 773]
Event: 7.132 Thread 0x000001a90a28a000 Exception <a 'java/lang/NoSuchMethodError'{0x0000000714dfc578}: 'java.lang.Object java.lang.invoke.DirectMethodHandle$Holder.invokeSpecial(java.lang.Object, java.lang.Object, java.lang.Object, java.lang.Object, java.lang.Object, int)'> (0x0000000714dfc578) thrown at [src/hotspot/share/interpreter/linkResolver.cpp, line 773]
Event: 7.132 Thread 0x000001a90a28a000 Exception <a 'java/lang/NoSuchMethodError'{0x0000000714c009e8}: 'java.lang.Object java.lang.invoke.Invokers$Holder.linkToTargetMethod(java.lang.Object, java.lang.Object, java.lang.Object, int, java.lang.Object)'> (0x0000000714c009e8) thrown at [src/hotspot/share/interpreter/linkResolver.cpp, line 773]
Event: 7.188 Thread 0x000001a90a28a000 Exception <a 'java/lang/NoSuchMethodError'{0x0000000714bb9628}: 'void java.lang.invoke.DirectMethodHandle$Holder.invokeInterface(java.lang.Object, java.lang.Object)'> (0x0000000714bb9628) thrown at [src/hotspot/share/interpreter/linkResolver.cpp, line 773]
Event: 7.274 Thread 0x000001a90a28a000 Exception <a 'java/lang/IncompatibleClassChangeError'{0x00000007149a6f98}: Found class java.lang.Object, but interface was expected> (0x00000007149a6f98) thrown at [src/hotspot/share/interpreter/linkResolver.cpp, line 839]
Event: 7.446 Thread 0x000001a90a28a000 Exception <a 'java/lang/NoSuchMethodError'{0x00000007140add78}: 'java.lang.Object java.lang.invoke.DirectMethodHandle$Holder.invokeSpecial(java.lang.Object, java.lang.Object, int, java.lang.Object, java.lang.Object)'> (0x00000007140add78) thrown at [src/hotspot/share/interpreter/linkResolver.cpp, line 773]
Event: 7.546 Thread 0x000001a90a28a000 Exception <a 'java/lang/NoSuchMethodError'{0x00000007135e9a10}: 'java.lang.Object java.lang.invoke.DirectMethodHandle$Holder.invokeInterface(java.lang.Object, java.lang.Object, java.lang.Object)'> (0x00000007135e9a10) thrown at [src/hotspot/share/interpreter/linkResolver.cpp, line 773]
Event: 7.546 Thread 0x000001a90a28a000 Exception <a 'java/lang/IncompatibleClassChangeError'{0x00000007135ecee8}: Found class java.lang.Object, but interface was expected> (0x00000007135ecee8) thrown at [src/hotspot/share/interpreter/linkResolver.cpp, line 839]
Event: 7.703 Thread 0x000001a90a28a000 Implicit null exception at 0x000001a917306c7c to 0x000001a917307ee0
Event: 8.634 Thread 0x000001a90a28a000 Exception <a 'java/lang/NoSuchMethodError'{0x0000000711158c08}: 'java.lang.Object java.lang.invoke.Invokers$Holder.linkToTargetMethod(java.lang.Object, java.lang.Object, java.lang.Object, int, int, java.lang.Object)'> (0x0000000711158c08) thrown at [src/hotspot/share/interpreter/linkResolver.cpp, line 773]

Events (20 events):
Event: 9.357 loading class org/jetbrains/kotlin/resolve/deprecation/DeprecatedByAnnotation$DeprecatedSince
Event: 9.357 loading class org/jetbrains/kotlin/resolve/deprecation/DeprecatedByAnnotation$DeprecatedSince done
Event: 9.358 loading class org/jetbrains/kotlin/resolve/calls/tower/HiddenDescriptor
Event: 9.358 loading class org/jetbrains/kotlin/resolve/calls/tower/HiddenDescriptor done
Event: 9.398 loading class org/jetbrains/kotlin/resolve/calls/inference/components/TypeVariableDependencyInformationProvider$computePostponeArgumentsEdges$1
Event: 9.398 loading class org/jetbrains/kotlin/resolve/calls/inference/components/TypeVariableDependencyInformationProvider$computePostponeArgumentsEdges$1 done
Event: 9.398 loading class org/jetbrains/kotlin/resolve/calls/inference/components/TypeVariableDependencyInformationProvider$computePostponeArgumentsEdges$2
Event: 9.398 loading class org/jetbrains/kotlin/resolve/calls/inference/components/TypeVariableDependencyInformationProvider$computePostponeArgumentsEdges$2 done
Event: 9.398 loading class org/jetbrains/kotlin/resolve/calls/inference/components/TypeVariableDependencyInformationProvider$computeRelatedToAllOutputTypes$1
Event: 9.398 loading class org/jetbrains/kotlin/resolve/calls/inference/components/TypeVariableDependencyInformationProvider$computeRelatedToAllOutputTypes$1 done
Event: 9.399 loading class org/jetbrains/kotlin/resolve/calls/inference/components/KotlinConstraintSystemCompleter$runCompletion$variableWasFixed$1
Event: 9.399 loading class org/jetbrains/kotlin/resolve/calls/inference/components/KotlinConstraintSystemCompleter$runCompletion$variableWasFixed$1 done
Event: 9.400 loading class org/jetbrains/kotlin/builtins/FunctionTypesKt$isBuiltinFunctionalTypeOrSubtype$1
Event: 9.400 loading class org/jetbrains/kotlin/builtins/FunctionTypesKt$isBuiltinFunctionalTypeOrSubtype$1 done
Event: 9.405 loading class org/jetbrains/kotlin/descriptors/SourceFile$1
Event: 9.405 loading class org/jetbrains/kotlin/descriptors/SourceFile$1 done
Event: 9.405 loading class org/jetbrains/kotlin/resolve/calls/tower/VisibilityError
Event: 9.405 loading class org/jetbrains/kotlin/resolve/calls/tower/VisibilityError done
Event: 9.463 Executing VM operation: ICBufferFull
Event: 9.463 Executing VM operation: ICBufferFull done


Dynamic libraries:
0x00007ff6e6330000 - 0x00007ff6e633a000 	C:\Program Files\Android\Android Studio\jbr\bin\java.exe
0x00007ffd71900000 - 0x00007ffd71b09000 	C:\WINDOWS\SYSTEM32\ntdll.dll
0x00007ffd704e0000 - 0x00007ffd7059e000 	C:\WINDOWS\System32\KERNEL32.DLL
0x00007ffd6f110000 - 0x00007ffd6f48b000 	C:\WINDOWS\System32\KERNELBASE.dll
0x00007ffd6f490000 - 0x00007ffd6f5a1000 	C:\WINDOWS\System32\ucrtbase.dll
0x00007ffd4d350000 - 0x00007ffd4d367000 	C:\Program Files\Android\Android Studio\jbr\bin\jli.dll
0x00007ffd4cf60000 - 0x00007ffd4cf7b000 	C:\Program Files\Android\Android Studio\jbr\bin\VCRUNTIME140.dll
0x00007ffd70820000 - 0x00007ffd709cd000 	C:\WINDOWS\System32\USER32.dll
0x00007ffd6f630000 - 0x00007ffd6f656000 	C:\WINDOWS\System32\win32u.dll
0x00007ffd61e00000 - 0x00007ffd620a5000 	C:\WINDOWS\WinSxS\amd64_microsoft.windows.common-controls_6595b64144ccf1df_6.0.22000.120_none_9d947278b86cc467\COMCTL32.dll
0x00007ffd6fcb0000 - 0x00007ffd6fcd9000 	C:\WINDOWS\System32\GDI32.dll
0x00007ffd70d50000 - 0x00007ffd70df3000 	C:\WINDOWS\System32\msvcrt.dll
0x00007ffd6f660000 - 0x00007ffd6f778000 	C:\WINDOWS\System32\gdi32full.dll
0x00007ffd6f000000 - 0x00007ffd6f09d000 	C:\WINDOWS\System32\msvcp_win.dll
0x00007ffd717a0000 - 0x00007ffd717d2000 	C:\WINDOWS\System32\IMM32.DLL
0x00000000708a0000 - 0x00000000708ac000 	C:\Program Files (x86)\360\Total Security\safemon\SafeWrapper.dll
0x00007ffd70680000 - 0x00007ffd7072e000 	C:\WINDOWS\System32\ADVAPI32.dll
0x00007ffd70e00000 - 0x00007ffd70e9e000 	C:\WINDOWS\System32\sechost.dll
0x00007ffd71680000 - 0x00007ffd717a0000 	C:\WINDOWS\System32\RPCRT4.dll
0x00007ffd264a0000 - 0x00007ffd26532000 	C:\Program Files (x86)\360\Total Security\safemon\libzdtp64.dll
0x00007ffd70ec0000 - 0x00007ffd71677000 	C:\WINDOWS\System32\SHELL32.dll
0x00007ffd6f910000 - 0x00007ffd6f96d000 	C:\WINDOWS\System32\SHLWAPI.dll
0x00007ffd6e870000 - 0x00007ffd6e87a000 	C:\WINDOWS\SYSTEM32\VERSION.dll
0x00007ffd511f0000 - 0x00007ffd511fc000 	C:\Program Files\Android\Android Studio\jbr\bin\vcruntime140_1.dll
0x00007ffd25b80000 - 0x00007ffd25c0d000 	C:\Program Files\Android\Android Studio\jbr\bin\msvcp140.dll
0x00007ffcf8e00000 - 0x00007ffcf99bc000 	C:\Program Files\Android\Android Studio\jbr\bin\server\jvm.dll
0x00007ffd718b0000 - 0x00007ffd718b8000 	C:\WINDOWS\System32\PSAPI.DLL
0x00007ffd68bd0000 - 0x00007ffd68c03000 	C:\WINDOWS\SYSTEM32\WINMM.dll
0x00007ffd49c30000 - 0x00007ffd49c39000 	C:\WINDOWS\SYSTEM32\WSOCK32.dll
0x00007ffd6fea0000 - 0x00007ffd6ff0f000 	C:\WINDOWS\System32\WS2_32.dll
0x00007ffd6de90000 - 0x00007ffd6dea8000 	C:\WINDOWS\SYSTEM32\kernel.appcore.dll
0x00007ffd6cb00000 - 0x00007ffd6cb10000 	C:\Program Files\Android\Android Studio\jbr\bin\verify.dll
0x00007ffd6c750000 - 0x00007ffd6c971000 	C:\WINDOWS\SYSTEM32\DBGHELP.DLL
0x00007ffd62870000 - 0x00007ffd628a1000 	C:\WINDOWS\SYSTEM32\dbgcore.DLL
0x00007ffd6f5b0000 - 0x00007ffd6f62f000 	C:\WINDOWS\System32\bcryptPrimitives.dll
0x00007ffd69470000 - 0x00007ffd69498000 	C:\Program Files\Android\Android Studio\jbr\bin\java.dll
0x00007ffd6cac0000 - 0x00007ffd6caca000 	C:\Program Files\Android\Android Studio\jbr\bin\jimage.dll
0x00007ffd68de0000 - 0x00007ffd68df8000 	C:\Program Files\Android\Android Studio\jbr\bin\zip.dll
0x00007ffd6ce20000 - 0x00007ffd6d685000 	C:\WINDOWS\SYSTEM32\windows.storage.dll
0x00007ffd709d0000 - 0x00007ffd70d48000 	C:\WINDOWS\System32\combase.dll
0x00007ffd6ccb0000 - 0x00007ffd6ce16000 	C:\WINDOWS\SYSTEM32\wintypes.dll
0x00007ffd6fb10000 - 0x00007ffd6fbfa000 	C:\WINDOWS\System32\SHCORE.dll
0x00007ffd6ed00000 - 0x00007ffd6ed21000 	C:\WINDOWS\SYSTEM32\profapi.dll
0x00007ffd68dc0000 - 0x00007ffd68dd9000 	C:\Program Files\Android\Android Studio\jbr\bin\net.dll
0x00007ffd67f00000 - 0x00007ffd68014000 	C:\WINDOWS\SYSTEM32\WINHTTP.dll
0x00007ffd6e320000 - 0x00007ffd6e387000 	C:\WINDOWS\system32\mswsock.dll
0x00007ffd3baa0000 - 0x00007ffd3bab3000 	C:\Program Files\Android\Android Studio\jbr\bin\nio.dll

dbghelp: loaded successfully - version: 4.0.5 - missing functions: none
symbol engine: initialized successfully - sym options: 0x614 - pdb path: .;C:\Program Files\Android\Android Studio\jbr\bin;C:\WINDOWS\SYSTEM32;C:\WINDOWS\WinSxS\amd64_microsoft.windows.common-controls_6595b64144ccf1df_6.0.22000.120_none_9d947278b86cc467;C:\Program Files (x86)\360\Total Security\safemon;C:\Program Files\Android\Android Studio\jbr\bin\server

VM Arguments:
java_command: org.jetbrains.kotlin.cli.jvm.K2JVMCompiler @C:\Users\jekav\AndroidStudioProjects\Courutin_test_fire\app\build\20230501_12301829696995802628.compiler.options
java_class_path (initial): C:\Users\jekav\.gradle\caches\modules-2\files-2.1\org.jetbrains.kotlin\kotlin-compiler-embeddable\1.8.21\a4a682d55fb788432e4b7bf2ab3acb7a7365fb35\kotlin-compiler-embeddable-1.8.21.jar;C:\Users\jekav\.gradle\caches\modules-2\files-2.1\org.jetbrains.kotlin\kotlin-stdlib\1.8.21\43d50ab85bc7587adfe3dda3dbe579e5f8d51265\kotlin-stdlib-1.8.21.jar;C:\Users\jekav\.gradle\caches\modules-2\files-2.1\org.jetbrains.kotlin\kotlin-script-runtime\1.8.21\bf43f76b6e29bdc09b6c8a4511a9118b0ab12b1f\kotlin-script-runtime-1.8.21.jar;C:\Users\jekav\.gradle\caches\modules-2\files-2.1\org.jetbrains.kotlin\kotlin-reflect\1.6.10\1cbe9c92c12a94eea200d23c2bbaedaf3daf5132\kotlin-reflect-1.6.10.jar;C:\Users\jekav\.gradle\caches\modules-2\files-2.1\org.jetbrains.kotlin\kotlin-daemon-embeddable\1.8.21\882003c48db58d16c8fb5a933abf08b5974a1a19\kotlin-daemon-embeddable-1.8.21.jar;C:\Users\jekav\.gradle\caches\modules-2\files-2.1\org.jetbrains.intellij.deps\trove4j\1.0.20200330\3afb14d5f9ceb459d724e907a21145e8ff394f02\trove4j-1.0.20200330.jar;C:\Users\jekav\.gradle\caches\modules-2\files-2.1\net.java.dev.jna\jna\5.6.0\330f2244e9030119ab3030fc3fededc86713d9cc\jna-5.6.0.jar;C:\Users\jekav\.gradle\caches\modules-2\files-2.1\org.jetbrains.kotlin\kotlin-stdlib-common\1.8.21\d749cd5ae25da36d06e5028785038e24f9d37976\kotlin-stdlib-common-1.8.21.jar;C:\Users\jekav\.gradle\caches\modules-2\files-2.1\org.jetbrains\annotations\13.0\919f0dfe192fb4e063e7dacadee7f8bb9a2672a9\annotations-13.0.jar
Launcher Type: SUN_STANDARD

[Global flags]
     intx CICompilerCount                          = 4                                         {product} {ergonomic}
     uint ConcGCThreads                            = 2                                         {product} {ergonomic}
     uint G1ConcRefinementThreads                  = 8                                         {product} {ergonomic}
   size_t G1HeapRegionSize                         = 1048576                                   {product} {ergonomic}
    uintx GCDrainStackTargetSize                   = 64                                        {product} {ergonomic}
   size_t InitialHeapSize                          = 266338304                                 {product} {ergonomic}
   size_t MarkStackSize                            = 4194304                                   {product} {ergonomic}
   size_t MaxHeapSize                              = 4255121408                                {product} {ergonomic}
   size_t MaxNewSize                               = 2552233984                                {product} {ergonomic}
   size_t MinHeapDeltaBytes                        = 1048576                                   {product} {ergonomic}
    uintx NonNMethodCodeHeapSize                   = 5836300                                {pd product} {ergonomic}
    uintx NonProfiledCodeHeapSize                  = 122910970                              {pd product} {ergonomic}
    uintx ProfiledCodeHeapSize                     = 122910970                              {pd product} {ergonomic}
    uintx ReservedCodeCacheSize                    = 251658240                              {pd product} {ergonomic}
     bool SegmentedCodeCache                       = true                                      {product} {ergonomic}
     bool UseCompressedClassPointers               = true                                 {lp64_product} {ergonomic}
     bool UseCompressedOops                        = true                                 {lp64_product} {ergonomic}
     bool UseG1GC                                  = true                                      {product} {ergonomic}
     bool UseLargePagesIndividualAllocation        = false                                  {pd product} {ergonomic}

Logging:
Log output configuration:
 #0: stdout all=warning uptime,level,tags
 #1: stderr all=off uptime,level,tags

Environment Variables:
JAVA_HOME=C:\Program Files\Java\jdk-11
PATH=C:\Program Files\Common Files\Oracle\Java\javapath;C:\Program Files (x86)\Embarcadero\Studio\21.0\bin64\Win64;C:\Program Files (x86)\Embarcadero\Studio\22.0\bin;C:\Users\Public\Documents\Embarcadero\Studio\22.0\Bpl;C:\Program Files (x86)\Embarcadero\Studio\22.0\bin64;C:\Users\Public\Documents\Embarcadero\Studio\22.0\Bpl\Win64;C:\Program Files\NVIDIA GPU Computing Toolkit\CUDA\v11.6\bin;C:\Program Files\NVIDIA GPU Computing Toolkit\CUDA\v11.6\libnvvp;C:\Program Files\Microsoft MPI\Bin\;C:\Program Files (x86)\AdoptOpenJDK\jdk-8.0.252.09-hotspot\bin;C:\Program Files (x86)\Common Files\Oracle\Java\javapath;C:\Windows\system32;C:\Windows\System32\Wbem;C:\Windows\System32\WindowsPowerShell\v1.0\;C:\Windows\System32\OpenSSH\;C:\Program Files (x86)\NVIDIA Corporation\PhysX\Common;C:\Program Files\NVIDIA Corporation\NVIDIA NvDLISR;C:\WINDOWS\system32;C:\WINDOWS;C:\WINDOWS\System32\Wbem;C:\WINDOWS\System32\WindowsPowerShell\v1.0\;C:\WINDOWS\System32\OpenSSH\;C:\Program Files\Polyspace\R2020a\runtime\win64;C:\Program Files\Polyspace\R2020a\bin;C:\Program Files\Polyspace\R2020a\polyspace\bin;C:\Program Files (x86)\Mitov\Visuino;C:\Program Files\PowerShell\7\;C:\Program Files\Docker\Docker\resources\bin;C:\ProgramData\DockerDesktop\version-bin;C:\Users\jekav\AppData\Local\Programs\Python\Python38-32\chromedriver.exe;C:\Users\jekav\AppData\Local\Programs\Python\Python38-32\geckodriver.exe;D:\UML\common;C:\Program Files\dotnet\;C:\Program Files\nodejs\;C:\Program Files\NVIDIA Corporation\Nsight Compute 2022.1.1\;C:\WINDOWS\system32;C:\WINDOWS;C:\WINDOWS\System32\Wbem;C:\WINDOWS\System32\WindowsPowerShell\v1.0\;C:\WINDOWS\System32\OpenSSH\;C:\Program Files\Git\cmd;C:\Program Files\Java\jdk1.8.0_361\bin;C:\Program Files\Java\jdk-11;C:\Program Files\PuTTY\;C:\Program Files\Geth;C:\ProgramData\chocolatey\bin;C:\Program Files\Go\bin;C:\Users\jekav\web3j-cli\web3j-cli-shadow-1.4.2\bin;C:\Users\jekav\AppData\Roaming\npm;C:\Users\jekav\AppData\Local\Programs\Python\Python38-32\Scripts\;
USERNAME=jekav
OS=Windows_NT
PROCESSOR_IDENTIFIER=Intel64 Family 6 Model 158 Stepping 10, GenuineIntel



---------------  S Y S T E M  ---------------

OS: Windows 11 , 64 bit Build 22000 (10.0.22000.1335)
OS uptime: 11 days 23:46 hours
Hyper-V role detected

CPU:total 8 (initial active 8) (4 cores per cpu, 2 threads per core) family 6 model 158 stepping 10 microcode 0xde, cmov, cx8, fxsr, mmx, sse, sse2, sse3, ssse3, sse4.1, sse4.2, popcnt, avx, avx2, aes, clmul, erms, 3dnowpref, lzcnt, ht, tsc, tscinvbit, bmi1, bmi2, adx, fma

Memory: 4k page, system-wide physical 16226M (3175M free)
TotalPageFile size 24418M (AvailPageFile size 6M)
current process WorkingSet (physical memory assigned to process): 402M, peak: 406M
current process commit charge ("private bytes"): 572M, peak: 575M

vm_info: OpenJDK 64-Bit Server VM (11.0.15+0-b2043.56-9505619) for windows-amd64 JRE (11.0.15+0-b2043.56-9505619), built on Jan 19 2023 02:48:00 by "builduser" with unknown MS VC++:1929

END.
